Using pre-set license
Built from '2021.3/staging' branch; Version is '2021.3.32f1 (3b9dae9532f5) revision 3906990'; Using compiler version '192829333'; Build Type 'Release'
OS: 'Windows 10  (10.0.19045) 64bit CoreSingleLanguage' Language: 'en' Physical Memory: 16219 MB
BatchMode: 1, IsHumanControllingUs: 0, StartBugReporterOnCrash: 0, Is64bit: 1, IsPro: 1

COMMAND LINE ARGUMENTS:
C:\Program Files\Unity 2021.3.32f1\Editor\Unity.exe
-adb2
-batchMode
-noUpm
-name
AssetImportWorker2
-projectPath
C:/Users/Laptop cua Phuc/MoveStopMove_NBP
-logFile
Logs/AssetImportWorker2.log
-srvPort
50400
Successfully changed project path to: C:/Users/Laptop cua Phuc/MoveStopMove_NBP
C:/Users/Laptop cua Phuc/MoveStopMove_NBP
[UnityMemory] Configuration Parameters - Can be set up in boot.config
    "memorysetup-bucket-allocator-granularity=16"
    "memorysetup-bucket-allocator-bucket-count=8"
    "memorysetup-bucket-allocator-block-size=33554432"
    "memorysetup-bucket-allocator-block-count=8"
    "memorysetup-main-allocator-block-size=16777216"
    "memorysetup-thread-allocator-block-size=16777216"
    "memorysetup-gfx-main-allocator-block-size=16777216"
    "memorysetup-gfx-thread-allocator-block-size=16777216"
    "memorysetup-cache-allocator-block-size=4194304"
    "memorysetup-typetree-allocator-block-size=2097152"
    "memorysetup-profiler-bucket-allocator-granularity=16"
    "memorysetup-profiler-bucket-allocator-bucket-count=8"
    "memorysetup-profiler-bucket-allocator-block-size=33554432"
    "memorysetup-profiler-bucket-allocator-block-count=8"
    "memorysetup-profiler-allocator-block-size=16777216"
    "memorysetup-profiler-editor-allocator-block-size=1048576"
    "memorysetup-temp-allocator-size-main=16777216"
    "memorysetup-job-temp-allocator-block-size=2097152"
    "memorysetup-job-temp-allocator-block-size-background=1048576"
    "memorysetup-job-temp-allocator-reduction-small-platforms=262144"
    "memorysetup-temp-allocator-size-background-worker=32768"
    "memorysetup-temp-allocator-size-job-worker=262144"
    "memorysetup-temp-allocator-size-preload-manager=33554432"
    "memorysetup-temp-allocator-size-nav-mesh-worker=65536"
    "memorysetup-temp-allocator-size-audio-worker=65536"
    "memorysetup-temp-allocator-size-cloud-worker=32768"
    "memorysetup-temp-allocator-size-gi-baking-worker=262144"
    "memorysetup-temp-allocator-size-gfx=262144"
Player connection [39812] Host "[IP] 192.168.0.157 [Port] 0 [Flags] 2 [Guid] 1280661948 [EditorId] 1280661948 [Version] 1048832 [Id] WindowsEditor(7,LAPTOP-6POE2SJS) [Debug] 1 [PackageName] WindowsEditor [ProjectName] Editor" joined multi-casting on [225.0.0.222:54997]...

Player connection [39812] Host "[IP] 192.168.0.157 [Port] 0 [Flags] 2 [Guid] 1280661948 [EditorId] 1280661948 [Version] 1048832 [Id] WindowsEditor(7,LAPTOP-6POE2SJS) [Debug] 1 [PackageName] WindowsEditor [ProjectName] Editor" joined alternative multi-casting on [225.0.0.222:34997]...

[Physics::Module] Initialized MultithreadedJobDispatcher with {0} workers.
Refreshing native plugins compatible for Editor in 132.70 ms, found 3 plugins.
Preloading 0 native plugins for Editor in 0.00 ms.
Initialize engine version: 2021.3.32f1 (3b9dae9532f5)
[Subsystems] Discovering subsystems at path C:/Program Files/Unity 2021.3.32f1/Editor/Data/Resources/UnitySubsystems
[Subsystems] Discovering subsystems at path C:/Users/Laptop cua Phuc/MoveStopMove_NBP/Assets
GfxDevice: creating device client; threaded=0; jobified=0
Direct3D:
    Version:  Direct3D 11.0 [level 11.1]
    Renderer: NVIDIA GeForce GTX 1650 Ti (ID=0x1f95)
    Vendor:   NVIDIA
    VRAM:     3962 MB
    Driver:   31.0.15.1691
Initialize mono
Mono path[0] = 'C:/Program Files/Unity 2021.3.32f1/Editor/Data/Managed'
Mono path[1] = 'C:/Program Files/Unity 2021.3.32f1/Editor/Data/MonoBleedingEdge/lib/mono/unityjit-win32'
Mono config path = 'C:/Program Files/Unity 2021.3.32f1/Editor/Data/MonoBleedingEdge/etc'
Using monoOptions --debugger-agent=transport=dt_socket,embedding=1,server=y,suspend=n,address=127.0.0.1:56316
Begin MonoManager ReloadAssembly
Registering precompiled unity dll's ...
Register platform support module: C:/Program Files/Unity 2021.3.32f1/Editor/Data/PlaybackEngines/WindowsStandaloneSupport/UnityEditor.WindowsStandalone.Extensions.dll
Registered in 0.009317 seconds.
Native extension for WindowsStandalone target not found
Refreshing native plugins compatible for Editor in 129.15 ms, found 3 plugins.
Preloading 0 native plugins for Editor in 0.00 ms.
Mono: successfully reloaded assembly
- Completed reload, in  0.918 seconds
Domain Reload Profiling:
	ReloadAssembly (918ms)
		BeginReloadAssembly (141ms)
			ExecutionOrderSort (0ms)
			DisableScriptedObjects (0ms)
			BackupInstance (0ms)
			ReleaseScriptingObjects (0ms)
			CreateAndSetChildDomain (1ms)
		EndReloadAssembly (636ms)
			LoadAssemblies (137ms)
			RebuildTransferFunctionScriptingTraits (0ms)
			SetupTypeCache (160ms)
			ReleaseScriptCaches (0ms)
			RebuildScriptCaches (38ms)
			SetupLoadedEditorAssemblies (378ms)
				LogAssemblyErrors (0ms)
				InitializePlatformSupportModulesInManaged (10ms)
				SetLoadedEditorAssemblies (0ms)
				RefreshPlugins (129ms)
				BeforeProcessingInitializeOnLoad (2ms)
				ProcessInitializeOnLoadAttributes (170ms)
				ProcessInitializeOnLoadMethodAttributes (67ms)
				AfterProcessingInitializeOnLoad (0ms)
				EditorAssembliesLoaded (0ms)
			ExecutionOrderSort2 (0ms)
			AwakeInstancesAfterBackupRestoration (0ms)
Platform modules already initialized, skipping
Registering precompiled user dll's ...
Registered in 0.016997 seconds.
Begin MonoManager ReloadAssembly
Native extension for WindowsStandalone target not found
Refreshing native plugins compatible for Editor in 1.43 ms, found 3 plugins.
Preloading 0 native plugins for Editor in 0.00 ms.
Package Manager log level set to [2]
[Package Manager] Server::EnsureServerProcessIsRunning -- launch failed, reason: Unity was launched with the -noUpm command-line argument
[Package Manager] Cannot connect to Unity Package Manager local server
Mono: successfully reloaded assembly
- Completed reload, in  2.659 seconds
Domain Reload Profiling:
	ReloadAssembly (2660ms)
		BeginReloadAssembly (195ms)
			ExecutionOrderSort (0ms)
			DisableScriptedObjects (9ms)
			BackupInstance (0ms)
			ReleaseScriptingObjects (0ms)
			CreateAndSetChildDomain (26ms)
		EndReloadAssembly (2294ms)
			LoadAssemblies (161ms)
			RebuildTransferFunctionScriptingTraits (0ms)
			SetupTypeCache (437ms)
			ReleaseScriptCaches (1ms)
			RebuildScriptCaches (122ms)
			SetupLoadedEditorAssemblies (1527ms)
				LogAssemblyErrors (0ms)
				InitializePlatformSupportModulesInManaged (9ms)
				SetLoadedEditorAssemblies (1ms)
				RefreshPlugins (2ms)
				BeforeProcessingInitializeOnLoad (159ms)
				ProcessInitializeOnLoadAttributes (1298ms)
				ProcessInitializeOnLoadMethodAttributes (40ms)
				AfterProcessingInitializeOnLoad (18ms)
				EditorAssembliesLoaded (0ms)
			ExecutionOrderSort2 (0ms)
			AwakeInstancesAfterBackupRestoration (13ms)
Platform modules already initialized, skipping
========================================================================
Worker process is ready to serve import requests
Launched and connected shader compiler UnityShaderCompiler.exe after 0.07 seconds
Refreshing native plugins compatible for Editor in 1.36 ms, found 3 plugins.
Preloading 0 native plugins for Editor in 0.00 ms.
Unloading 3438 Unused Serialized files (Serialized files now loaded: 0)
Unloading 48 unused Assets / (119.5 KB). Loaded Objects now: 3890.
Memory consumption went from 124.1 MB to 124.0 MB.
Total: 5.866500 ms (FindLiveObjects: 0.481700 ms CreateObjectMapping: 0.527700 ms MarkObjects: 4.728000 ms  DeleteObjects: 0.127700 ms)

AssetImportParameters requested are different than current active one (requested -> active):
  custom:video-decoder-ogg-theora: a1e56fd34408186e4bbccfd4996cb3dc -> 
  custom:container-muxer-webm: aa71ff27fc2769a1b78a27578f13a17b -> 
  custom:container-demuxer-webm: 4f35f7cbe854078d1ac9338744f61a02 -> 
  custom:video-encoder-webm-vp8: eb34c28f22e8b96e1ab97ce403110664 -> 
  custom:video-codec-MediaFoundation-h265: 746d11721c4dcdbdad8f713fa42b33f4 -> 
  custom:CustomObjectIndexerAttribute: bc11b3a6c3213fcdd17b65e7da85e133 -> 
  custom:audio-encoder-webm-vorbis: bf7c407c2cedff20999df2af8eb42d56 -> 
  custom:framework-win-MediaFoundation: 216162199b28c13a410421893ffa2e32 -> 
  custom:SearchIndexIgnoredProperties: e643bd26f0fe6173181afceb89e7c659 -> 
  custom:container-demuxer-ogg: 62fdf1f143b41e24485cea50d1cbac27 -> 
  custom:video-decoder-webm-vp8: 9c59270c3fd7afecdb556c50c9e8de78 -> 
  custom:audio-decoder-ogg-vorbis: bf7c407c2cedff20999df2af8eb42d56 -> 
========================================================================
Received Import Request.
  Time since last request: 1031540.950447 seconds.
  path: Assets/IsoMetrik/Vehicles/pickup/pickup_08.fbx
  artifactKey: Guid(13628b3d53cff81448ca86b54114730b) Importer(815301076,1909f56bfc062723c751e8b465ee728b)
Number of updated assets reloaded before import = 0
Start importing Assets/IsoMetrik/Vehicles/pickup/pickup_08.fbx using Guid(13628b3d53cff81448ca86b54114730b) Importer(815301076,1909f56bfc062723c751e8b465ee728b)  -> (artifact id: '1126cd4349d6e9d43f6339c57ad2a4fe') in 0.214171 seconds 
Number of asset objects unloaded after import = 12
========================================================================
Received Import Request.
  Time since last request: 0.000048 seconds.
  path: Assets/_Game/Resources/Bitgem/Tavern_Cube/Source/tavern_ladder.fbx
  artifactKey: Guid(45a9fdb602feb46f1b86ac7c8b1bc698) Importer(815301076,1909f56bfc062723c751e8b465ee728b)
Number of updated assets reloaded before import = 0
Start importing Assets/_Game/Resources/Bitgem/Tavern_Cube/Source/tavern_ladder.fbx using Guid(45a9fdb602feb46f1b86ac7c8b1bc698) Importer(815301076,1909f56bfc062723c751e8b465ee728b)  -> (artifact id: 'efa40f24afd1c0fb382e4832e645264a') in 0.084828 seconds 
Number of asset objects unloaded after import = 24
========================================================================
Received Import Request.
  Time since last request: 0.000048 seconds.
  path: Assets/_Game/Resources/Bitgem/Cube_World/Christmas/Source/presi_large_empty_color2.fbx
  artifactKey: Guid(b0fed601463464d559ff94394709cbad) Importer(815301076,1909f56bfc062723c751e8b465ee728b)
Number of updated assets reloaded before import = 0
Start importing Assets/_Game/Resources/Bitgem/Cube_World/Christmas/Source/presi_large_empty_color2.fbx using Guid(b0fed601463464d559ff94394709cbad) Importer(815301076,1909f56bfc062723c751e8b465ee728b)  -> (artifact id: '3a1254cbba9932a482269dad2a27e57e') in 0.103644 seconds 
Number of asset objects unloaded after import = 42
========================================================================
Received Import Request.
  Time since last request: 0.000022 seconds.
  path: Assets/_Game/Resources/Bitgem/Cube_World/Doors/Source/door_stone_rounded_left.fbx
  artifactKey: Guid(ff3d38f96ae7a7e4fb380a7a458da36b) Importer(815301076,1909f56bfc062723c751e8b465ee728b)
Number of updated assets reloaded before import = 0
Start importing Assets/_Game/Resources/Bitgem/Cube_World/Doors/Source/door_stone_rounded_left.fbx using Guid(ff3d38f96ae7a7e4fb380a7a458da36b) Importer(815301076,1909f56bfc062723c751e8b465ee728b)  -> (artifact id: '1507c8d14f54a8636b0ab5d8ee4759b7') in 0.118807 seconds 
Number of asset objects unloaded after import = 55
========================================================================
Received Import Request.
  Time since last request: 0.000024 seconds.
  path: Assets/IsoMetrik/Props/vegetation/tree_08.fbx
  artifactKey: Guid(0600ac8f87779944c830adf1388ffb59) Importer(815301076,1909f56bfc062723c751e8b465ee728b)
Number of updated assets reloaded before import = 0
Start importing Assets/IsoMetrik/Props/vegetation/tree_08.fbx using Guid(0600ac8f87779944c830adf1388ffb59) Importer(815301076,1909f56bfc062723c751e8b465ee728b)  -> (artifact id: '24926379999bf77e2daad5b4530f5640') in 0.034582 seconds 
Number of asset objects unloaded after import = 12
========================================================================
Received Import Request.
  Time since last request: 0.000038 seconds.
  path: Assets/IsoMetrik/Props/tombstone_01.fbx
  artifactKey: Guid(27f3b8b156662374d89a09d1a02cc512) Importer(815301076,1909f56bfc062723c751e8b465ee728b)
Number of updated assets reloaded before import = 0
Start importing Assets/IsoMetrik/Props/tombstone_01.fbx using Guid(27f3b8b156662374d89a09d1a02cc512) Importer(815301076,1909f56bfc062723c751e8b465ee728b)  -> (artifact id: 'b2a88db79797be04b6c68f465a370c18') in 0.032601 seconds 
Number of asset objects unloaded after import = 12
========================================================================
Received Import Request.
  Time since last request: 0.000022 seconds.
  path: Assets/_Game/Resources/Bitgem/Cube_World/Doors/Source/door_hinges.fbx
  artifactKey: Guid(0ebd39fa80a1d6d4d8d228fd377bf493) Importer(815301076,1909f56bfc062723c751e8b465ee728b)
Number of updated assets reloaded before import = 0
Start importing Assets/_Game/Resources/Bitgem/Cube_World/Doors/Source/door_hinges.fbx using Guid(0ebd39fa80a1d6d4d8d228fd377bf493) Importer(815301076,1909f56bfc062723c751e8b465ee728b)  -> (artifact id: '1275e33e8c30b89c2037e0c5b67a9118') in 0.058968 seconds 
Number of asset objects unloaded after import = 25
========================================================================
Received Import Request.
  Time since last request: 0.000021 seconds.
  path: Assets/_Game/Resources/Bitgem/Cube_World/Mine_Rail/Source/rail_tracks_scaffolding_half_turn.fbx
  artifactKey: Guid(5a453ebaf31fe5844ace2aa541d6c3c0) Importer(815301076,1909f56bfc062723c751e8b465ee728b)
Number of updated assets reloaded before import = 0
Start importing Assets/_Game/Resources/Bitgem/Cube_World/Mine_Rail/Source/rail_tracks_scaffolding_half_turn.fbx using Guid(5a453ebaf31fe5844ace2aa541d6c3c0) Importer(815301076,1909f56bfc062723c751e8b465ee728b)  -> (artifact id: '016283c28fafef0967680d675367a6ad') in 0.057865 seconds 
Number of asset objects unloaded after import = 25
========================================================================
Received Import Request.
  Time since last request: 0.000036 seconds.
  path: Assets/_Game/Resources/Bitgem/Cube_World/Christmas/Source/candle_block_top_spill_wax.fbx
  artifactKey: Guid(48ed09e2cefb449198d51ed3dc979572) Importer(815301076,1909f56bfc062723c751e8b465ee728b)
Number of updated assets reloaded before import = 0
Start importing Assets/_Game/Resources/Bitgem/Cube_World/Christmas/Source/candle_block_top_spill_wax.fbx using Guid(48ed09e2cefb449198d51ed3dc979572) Importer(815301076,1909f56bfc062723c751e8b465ee728b)  -> (artifact id: 'c1b009c520aa6c18067d7479a9de0030') in 0.059939 seconds 
Number of asset objects unloaded after import = 27
========================================================================
Received Import Request.
  Time since last request: 0.000029 seconds.
  path: Assets/_Game/Resources/Bitgem/Cube_World/Pipes/Source/pipe_end.fbx
  artifactKey: Guid(7f42ebc670ef8b24e86adc6adbee43bd) Importer(815301076,1909f56bfc062723c751e8b465ee728b)
Number of updated assets reloaded before import = 0
Start importing Assets/_Game/Resources/Bitgem/Cube_World/Pipes/Source/pipe_end.fbx using Guid(7f42ebc670ef8b24e86adc6adbee43bd) Importer(815301076,1909f56bfc062723c751e8b465ee728b)  -> (artifact id: '838b1a171bd1d670563866f4b0989873') in 0.059605 seconds 
Number of asset objects unloaded after import = 25
========================================================================
Received Import Request.
  Time since last request: 0.000053 seconds.
  path: Assets/_Game/Resources/Bitgem/Cube_World/Sandstone/Source/sand_top2.fbx
  artifactKey: Guid(c90c72c15c95779418a6c2e7049b777c) Importer(815301076,1909f56bfc062723c751e8b465ee728b)
Number of updated assets reloaded before import = 0
Start importing Assets/_Game/Resources/Bitgem/Cube_World/Sandstone/Source/sand_top2.fbx using Guid(c90c72c15c95779418a6c2e7049b777c) Importer(815301076,1909f56bfc062723c751e8b465ee728b)  -> (artifact id: 'e3cec50796d5040819a278750c9d8085') in 0.061205 seconds 
Number of asset objects unloaded after import = 25
========================================================================
Received Import Request.
  Time since last request: 0.000028 seconds.
  path: Assets/_Game/Resources/Bitgem/Cube_World/Sand/Source/cactus_3.fbx
  artifactKey: Guid(f78ee247468bceb46aad85794d54bc39) Importer(815301076,1909f56bfc062723c751e8b465ee728b)
Number of updated assets reloaded before import = 0
Start importing Assets/_Game/Resources/Bitgem/Cube_World/Sand/Source/cactus_3.fbx using Guid(f78ee247468bceb46aad85794d54bc39) Importer(815301076,1909f56bfc062723c751e8b465ee728b)  -> (artifact id: 'a1788481f5d6983eb263dbc63d6ada82') in 0.057436 seconds 
Number of asset objects unloaded after import = 25
========================================================================
Received Import Request.
  Time since last request: 0.000050 seconds.
  path: Assets/_Game/Resources/Bitgem/Cube_World/Stone/Source/stone_cube_3.fbx
  artifactKey: Guid(1e200994ca9f20244973f8fe9a10a820) Importer(815301076,1909f56bfc062723c751e8b465ee728b)
Number of updated assets reloaded before import = 0
Start importing Assets/_Game/Resources/Bitgem/Cube_World/Stone/Source/stone_cube_3.fbx using Guid(1e200994ca9f20244973f8fe9a10a820) Importer(815301076,1909f56bfc062723c751e8b465ee728b)  -> (artifact id: 'f2201b06e03f371f78cca89d4c15acd4') in 0.062594 seconds 
Number of asset objects unloaded after import = 25
========================================================================
Received Import Request.
  Time since last request: 0.000029 seconds.
  path: Assets/_Game/Resources/Bitgem/Tavern_Cube/Source/tavern_hanging_meet.fbx
  artifactKey: Guid(f76ade9427f3a4a179b62337deb2077a) Importer(815301076,1909f56bfc062723c751e8b465ee728b)
Number of updated assets reloaded before import = 0
Start importing Assets/_Game/Resources/Bitgem/Tavern_Cube/Source/tavern_hanging_meet.fbx using Guid(f76ade9427f3a4a179b62337deb2077a) Importer(815301076,1909f56bfc062723c751e8b465ee728b)  -> (artifact id: 'b19291be8cabe21fbff5eb47466925e4') in 0.058222 seconds 
Number of asset objects unloaded after import = 24
========================================================================
Received Import Request.
  Time since last request: 0.000032 seconds.
  path: Assets/_Game/Resources/Bitgem/Cube_World/Doors/Source/door_metal_right.fbx
  artifactKey: Guid(bb5927d7d97211b49bff49d235df6ee7) Importer(815301076,1909f56bfc062723c751e8b465ee728b)
Number of updated assets reloaded before import = 0
Start importing Assets/_Game/Resources/Bitgem/Cube_World/Doors/Source/door_metal_right.fbx using Guid(bb5927d7d97211b49bff49d235df6ee7) Importer(815301076,1909f56bfc062723c751e8b465ee728b)  -> (artifact id: '897d3781e6e553b0cda93fee82fb50db') in 0.121856 seconds 
Number of asset objects unloaded after import = 55
========================================================================
Received Import Request.
  Time since last request: 0.000046 seconds.
  path: Assets/_Game/Resources/Bitgem/Cube_World/Christmas/Source/presi_large_empty_color4.fbx
  artifactKey: Guid(6a350f1c6236848e4b097e83170df571) Importer(815301076,1909f56bfc062723c751e8b465ee728b)
Number of updated assets reloaded before import = 0
Start importing Assets/_Game/Resources/Bitgem/Cube_World/Christmas/Source/presi_large_empty_color4.fbx using Guid(6a350f1c6236848e4b097e83170df571) Importer(815301076,1909f56bfc062723c751e8b465ee728b)  -> (artifact id: '915309963274e02fee74c363b2c88e29') in 0.089548 seconds 
Number of asset objects unloaded after import = 42
========================================================================
Received Import Request.
  Time since last request: 0.000028 seconds.
  path: Assets/IsoMetrik/Vehicles/pickup/pickup_02.fbx
  artifactKey: Guid(d6938320e2b286e4ead45e5423eb00ab) Importer(815301076,1909f56bfc062723c751e8b465ee728b)
Number of updated assets reloaded before import = 0
Start importing Assets/IsoMetrik/Vehicles/pickup/pickup_02.fbx using Guid(d6938320e2b286e4ead45e5423eb00ab) Importer(815301076,1909f56bfc062723c751e8b465ee728b)  -> (artifact id: 'a7b736bdd121708eeae0557e6a765425') in 0.032653 seconds 
Number of asset objects unloaded after import = 12
========================================================================
Received Import Request.
  Time since last request: 0.000027 seconds.
  path: Assets/_Game/Resources/Bitgem/Cube_World/Rock/Source/rock_cube_2.fbx
  artifactKey: Guid(e0a6b000922532b4089c29bd2142e8b8) Importer(815301076,1909f56bfc062723c751e8b465ee728b)
Number of updated assets reloaded before import = 0
Start importing Assets/_Game/Resources/Bitgem/Cube_World/Rock/Source/rock_cube_2.fbx using Guid(e0a6b000922532b4089c29bd2142e8b8) Importer(815301076,1909f56bfc062723c751e8b465ee728b)  -> (artifact id: '61de2680584f45c09e051cf6ad216e3b') in 0.058299 seconds 
Number of asset objects unloaded after import = 25
========================================================================
Received Import Request.
  Time since last request: 0.000021 seconds.
  path: Assets/_Game/Resources/Bitgem/Cube_World/Sandstone/Source/sand_top1.fbx
  artifactKey: Guid(f6fe5b8f5165099479f2982781ed864c) Importer(815301076,1909f56bfc062723c751e8b465ee728b)
Number of updated assets reloaded before import = 0
Start importing Assets/_Game/Resources/Bitgem/Cube_World/Sandstone/Source/sand_top1.fbx using Guid(f6fe5b8f5165099479f2982781ed864c) Importer(815301076,1909f56bfc062723c751e8b465ee728b)  -> (artifact id: '3c347c554c381aa439c53ed4352c3175') in 0.058672 seconds 
Number of asset objects unloaded after import = 25
========================================================================
Received Import Request.
  Time since last request: 0.000022 seconds.
  path: Assets/IsoMetrik/Ground/street 3/street_3x10.fbx
  artifactKey: Guid(574fc4917da2ed14aa08f720f207f83f) Importer(815301076,1909f56bfc062723c751e8b465ee728b)
Number of updated assets reloaded before import = 0
Start importing Assets/IsoMetrik/Ground/street 3/street_3x10.fbx using Guid(574fc4917da2ed14aa08f720f207f83f) Importer(815301076,1909f56bfc062723c751e8b465ee728b)  -> (artifact id: 'aef8946459a183af586d73e9ec92bc47') in 0.023527 seconds 
Number of asset objects unloaded after import = 12
========================================================================
Received Import Request.
  Time since last request: 0.000039 seconds.
  path: Assets/_Game/Resources/Bitgem/Cube_World/Sandstone/Source/sand_pile.fbx
  artifactKey: Guid(8ccd4e38887185344b63376b504e3ec6) Importer(815301076,1909f56bfc062723c751e8b465ee728b)
Number of updated assets reloaded before import = 0
Start importing Assets/_Game/Resources/Bitgem/Cube_World/Sandstone/Source/sand_pile.fbx using Guid(8ccd4e38887185344b63376b504e3ec6) Importer(815301076,1909f56bfc062723c751e8b465ee728b)  -> (artifact id: '1b9fbb2c648f61d86260a0d815d7625f') in 0.062418 seconds 
Number of asset objects unloaded after import = 25
========================================================================
Received Import Request.
  Time since last request: 0.000022 seconds.
  path: Assets/_Game/Resources/Bitgem/Cube_World/Wood/Source/wood_cube_12.fbx
  artifactKey: Guid(1bb89d6b2abd6864083330f1e30c6fe8) Importer(815301076,1909f56bfc062723c751e8b465ee728b)
Number of updated assets reloaded before import = 0
Start importing Assets/_Game/Resources/Bitgem/Cube_World/Wood/Source/wood_cube_12.fbx using Guid(1bb89d6b2abd6864083330f1e30c6fe8) Importer(815301076,1909f56bfc062723c751e8b465ee728b)  -> (artifact id: 'ace8308f7fc312fce9b202668f01afa6') in 0.060313 seconds 
Number of asset objects unloaded after import = 25
========================================================================
Received Import Request.
  Time since last request: 0.000022 seconds.
  path: Assets/IsoMetrik/Ground/street 2/street_2x20.fbx
  artifactKey: Guid(e25e0e81ab887be448ddff26cf0017c0) Importer(815301076,1909f56bfc062723c751e8b465ee728b)
Number of updated assets reloaded before import = 0
Start importing Assets/IsoMetrik/Ground/street 2/street_2x20.fbx using Guid(e25e0e81ab887be448ddff26cf0017c0) Importer(815301076,1909f56bfc062723c751e8b465ee728b)  -> (artifact id: '079bb9bc7e8bcd93abe7697e35e70930') in 0.033075 seconds 
Number of asset objects unloaded after import = 12
========================================================================
Received Import Request.
  Time since last request: 0.000025 seconds.
  path: Assets/_Game/Resources/Bitgem/Cube_World/Christmas/Source/presi_large_empty_color3.fbx
  artifactKey: Guid(bba9cef67cd334a9db5bb77bd66a3b5e) Importer(815301076,1909f56bfc062723c751e8b465ee728b)
Number of updated assets reloaded before import = 0
Start importing Assets/_Game/Resources/Bitgem/Cube_World/Christmas/Source/presi_large_empty_color3.fbx using Guid(bba9cef67cd334a9db5bb77bd66a3b5e) Importer(815301076,1909f56bfc062723c751e8b465ee728b)  -> (artifact id: '584bd50812053516f0b95b2c2f9f00e1') in 0.088841 seconds 
Number of asset objects unloaded after import = 42
Editor requested this worker to shutdown with reason: Scaling down because of idle timeout
AssetImportWorker is now disconnected from the server
Process exiting
Exiting without the bug reporter. Application will terminate with return code 0