Using pre-set license
Built from '2021.3/staging' branch; Version is '2021.3.32f1 (3b9dae9532f5) revision 3906990'; Using compiler version '192829333'; Build Type 'Release'
OS: 'Windows 10  (10.0.19045) 64bit CoreSingleLanguage' Language: 'en' Physical Memory: 16219 MB
BatchMode: 1, IsHumanControllingUs: 0, StartBugReporterOnCrash: 0, Is64bit: 1, IsPro: 1

COMMAND LINE ARGUMENTS:
C:\Program Files\Unity 2021.3.32f1\Editor\Unity.exe
-adb2
-batchMode
-noUpm
-name
AssetImportWorker7
-projectPath
C:/Users/Laptop cua Phuc/MoveStopMove_NBP
-logFile
Logs/AssetImportWorker7.log
-srvPort
63325
Successfully changed project path to: C:/Users/Laptop cua Phuc/MoveStopMove_NBP
C:/Users/Laptop cua Phuc/MoveStopMove_NBP
[UnityMemory] Configuration Parameters - Can be set up in boot.config
    "memorysetup-bucket-allocator-granularity=16"
    "memorysetup-bucket-allocator-bucket-count=8"
    "memorysetup-bucket-allocator-block-size=33554432"
    "memorysetup-bucket-allocator-block-count=8"
    "memorysetup-main-allocator-block-size=16777216"
    "memorysetup-thread-allocator-block-size=16777216"
    "memorysetup-gfx-main-allocator-block-size=16777216"
    "memorysetup-gfx-thread-allocator-block-size=16777216"
    "memorysetup-cache-allocator-block-size=4194304"
    "memorysetup-typetree-allocator-block-size=2097152"
    "memorysetup-profiler-bucket-allocator-granularity=16"
    "memorysetup-profiler-bucket-allocator-bucket-count=8"
    "memorysetup-profiler-bucket-allocator-block-size=33554432"
    "memorysetup-profiler-bucket-allocator-block-count=8"
    "memorysetup-profiler-allocator-block-size=16777216"
    "memorysetup-profiler-editor-allocator-block-size=1048576"
    "memorysetup-temp-allocator-size-main=16777216"
    "memorysetup-job-temp-allocator-block-size=2097152"
    "memorysetup-job-temp-allocator-block-size-background=1048576"
    "memorysetup-job-temp-allocator-reduction-small-platforms=262144"
    "memorysetup-temp-allocator-size-background-worker=32768"
    "memorysetup-temp-allocator-size-job-worker=262144"
    "memorysetup-temp-allocator-size-preload-manager=33554432"
    "memorysetup-temp-allocator-size-nav-mesh-worker=65536"
    "memorysetup-temp-allocator-size-audio-worker=65536"
    "memorysetup-temp-allocator-size-cloud-worker=32768"
    "memorysetup-temp-allocator-size-gi-baking-worker=262144"
    "memorysetup-temp-allocator-size-gfx=262144"
Player connection [14816] Host "[IP] 192.168.0.1 [Port] 0 [Flags] 2 [Guid] 812873547 [EditorId] 812873547 [Version] 1048832 [Id] WindowsEditor(7,LAPTOP-6POE2SJS) [Debug] 1 [PackageName] WindowsEditor [ProjectName] Editor" joined multi-casting on [225.0.0.222:54997]...

Player connection [14816] Host "[IP] 192.168.0.1 [Port] 0 [Flags] 2 [Guid] 812873547 [EditorId] 812873547 [Version] 1048832 [Id] WindowsEditor(7,LAPTOP-6POE2SJS) [Debug] 1 [PackageName] WindowsEditor [ProjectName] Editor" joined alternative multi-casting on [225.0.0.222:34997]...

[Physics::Module] Initialized MultithreadedJobDispatcher with {0} workers.
Refreshing native plugins compatible for Editor in 82.04 ms, found 3 plugins.
Preloading 0 native plugins for Editor in 0.00 ms.
Initialize engine version: 2021.3.32f1 (3b9dae9532f5)
[Subsystems] Discovering subsystems at path C:/Program Files/Unity 2021.3.32f1/Editor/Data/Resources/UnitySubsystems
[Subsystems] Discovering subsystems at path C:/Users/Laptop cua Phuc/MoveStopMove_NBP/Assets
GfxDevice: creating device client; threaded=0; jobified=0
Direct3D:
    Version:  Direct3D 11.0 [level 11.1]
    Renderer: NVIDIA GeForce GTX 1650 Ti (ID=0x1f95)
    Vendor:   NVIDIA
    VRAM:     3962 MB
    Driver:   31.0.15.1691
Initialize mono
Mono path[0] = 'C:/Program Files/Unity 2021.3.32f1/Editor/Data/Managed'
Mono path[1] = 'C:/Program Files/Unity 2021.3.32f1/Editor/Data/MonoBleedingEdge/lib/mono/unityjit-win32'
Mono config path = 'C:/Program Files/Unity 2021.3.32f1/Editor/Data/MonoBleedingEdge/etc'
Using monoOptions --debugger-agent=transport=dt_socket,embedding=1,server=y,suspend=n,address=127.0.0.1:56844
Begin MonoManager ReloadAssembly
Registering precompiled unity dll's ...
Register platform support module: C:/Program Files/Unity 2021.3.32f1/Editor/Data/PlaybackEngines/WindowsStandaloneSupport/UnityEditor.WindowsStandalone.Extensions.dll
Registered in 0.005987 seconds.
Native extension for WindowsStandalone target not found
Refreshing native plugins compatible for Editor in 76.26 ms, found 3 plugins.
Preloading 0 native plugins for Editor in 0.00 ms.
Mono: successfully reloaded assembly
- Completed reload, in  0.642 seconds
Domain Reload Profiling:
	ReloadAssembly (642ms)
		BeginReloadAssembly (135ms)
			ExecutionOrderSort (0ms)
			DisableScriptedObjects (0ms)
			BackupInstance (0ms)
			ReleaseScriptingObjects (0ms)
			CreateAndSetChildDomain (1ms)
		EndReloadAssembly (405ms)
			LoadAssemblies (131ms)
			RebuildTransferFunctionScriptingTraits (0ms)
			SetupTypeCache (97ms)
			ReleaseScriptCaches (0ms)
			RebuildScriptCaches (28ms)
			SetupLoadedEditorAssemblies (240ms)
				LogAssemblyErrors (0ms)
				InitializePlatformSupportModulesInManaged (8ms)
				SetLoadedEditorAssemblies (0ms)
				RefreshPlugins (76ms)
				BeforeProcessingInitializeOnLoad (1ms)
				ProcessInitializeOnLoadAttributes (108ms)
				ProcessInitializeOnLoadMethodAttributes (46ms)
				AfterProcessingInitializeOnLoad (0ms)
				EditorAssembliesLoaded (0ms)
			ExecutionOrderSort2 (0ms)
			AwakeInstancesAfterBackupRestoration (0ms)
Platform modules already initialized, skipping
Registering precompiled user dll's ...
Registered in 0.012073 seconds.
Begin MonoManager ReloadAssembly
Native extension for WindowsStandalone target not found
Refreshing native plugins compatible for Editor in 0.69 ms, found 3 plugins.
Preloading 0 native plugins for Editor in 0.00 ms.
Package Manager log level set to [2]
[Package Manager] Server::EnsureServerProcessIsRunning -- launch failed, reason: Unity was launched with the -noUpm command-line argument
[Package Manager] Cannot connect to Unity Package Manager local server
Mono: successfully reloaded assembly
- Completed reload, in  1.656 seconds
Domain Reload Profiling:
	ReloadAssembly (1656ms)
		BeginReloadAssembly (138ms)
			ExecutionOrderSort (0ms)
			DisableScriptedObjects (6ms)
			BackupInstance (0ms)
			ReleaseScriptingObjects (0ms)
			CreateAndSetChildDomain (17ms)
		EndReloadAssembly (1405ms)
			LoadAssemblies (113ms)
			RebuildTransferFunctionScriptingTraits (0ms)
			SetupTypeCache (271ms)
			ReleaseScriptCaches (1ms)
			RebuildScriptCaches (54ms)
			SetupLoadedEditorAssemblies (968ms)
				LogAssemblyErrors (0ms)
				InitializePlatformSupportModulesInManaged (5ms)
				SetLoadedEditorAssemblies (0ms)
				RefreshPlugins (1ms)
				BeforeProcessingInitializeOnLoad (87ms)
				ProcessInitializeOnLoadAttributes (843ms)
				ProcessInitializeOnLoadMethodAttributes (22ms)
				AfterProcessingInitializeOnLoad (10ms)
				EditorAssembliesLoaded (0ms)
			ExecutionOrderSort2 (0ms)
			AwakeInstancesAfterBackupRestoration (6ms)
Platform modules already initialized, skipping
========================================================================
Worker process is ready to serve import requests
Launched and connected shader compiler UnityShaderCompiler.exe after 0.04 seconds
Refreshing native plugins compatible for Editor in 0.72 ms, found 3 plugins.
Preloading 0 native plugins for Editor in 0.00 ms.
Unloading 3348 Unused Serialized files (Serialized files now loaded: 0)
Unloading 48 unused Assets / (119.3 KB). Loaded Objects now: 3798.
Memory consumption went from 120.1 MB to 120.0 MB.
Total: 3.728400 ms (FindLiveObjects: 0.265100 ms CreateObjectMapping: 0.201000 ms MarkObjects: 3.179400 ms  DeleteObjects: 0.082200 ms)

AssetImportParameters requested are different than current active one (requested -> active):
  custom:video-decoder-ogg-theora: a1e56fd34408186e4bbccfd4996cb3dc -> 
  custom:container-muxer-webm: aa71ff27fc2769a1b78a27578f13a17b -> 
  custom:container-demuxer-webm: 4f35f7cbe854078d1ac9338744f61a02 -> 
  custom:video-encoder-webm-vp8: eb34c28f22e8b96e1ab97ce403110664 -> 
  custom:video-codec-MediaFoundation-h265: 746d11721c4dcdbdad8f713fa42b33f4 -> 
  custom:CustomObjectIndexerAttribute: bc11b3a6c3213fcdd17b65e7da85e133 -> 
  custom:audio-encoder-webm-vorbis: bf7c407c2cedff20999df2af8eb42d56 -> 
  custom:framework-win-MediaFoundation: 216162199b28c13a410421893ffa2e32 -> 
  custom:SearchIndexIgnoredProperties: e643bd26f0fe6173181afceb89e7c659 -> 
  custom:container-demuxer-ogg: 62fdf1f143b41e24485cea50d1cbac27 -> 
  custom:video-decoder-webm-vp8: 9c59270c3fd7afecdb556c50c9e8de78 -> 
  custom:audio-decoder-ogg-vorbis: bf7c407c2cedff20999df2af8eb42d56 -> 
========================================================================
Received Import Request.
  Time since last request: 164373.190650 seconds.
  path: Assets/_Game/Resources/Bitgem/Cube_World/Christmas/Source/bauble_large_color1_ornate.fbx
  artifactKey: Guid(03ccc0d73a9d24b54a7f22aaa06e3f5f) Importer(815301076,1909f56bfc062723c751e8b465ee728b)
Number of updated assets reloaded before import = 0
Start importing Assets/_Game/Resources/Bitgem/Cube_World/Christmas/Source/bauble_large_color1_ornate.fbx using Guid(03ccc0d73a9d24b54a7f22aaa06e3f5f) Importer(815301076,1909f56bfc062723c751e8b465ee728b)  -> (artifact id: 'bfcb3775423ed136b8ee4670a9eb9b87') in 0.265649 seconds 
Number of asset objects unloaded after import = 27
========================================================================
Received Import Request.
  Time since last request: 16.218812 seconds.
  path: Assets/_Game/Resources/Asset/Internship_BT4_MoveStopMove-20221110T015023Z-001/Internship_BT4_MoveStopMove/3D/CharSkin/Pants/Quần/onion.png
  artifactKey: Guid(900ea1081f1d73246b602b8090b9e0e4) Importer(815301076,1909f56bfc062723c751e8b465ee728b)
Number of updated assets reloaded before import = 0
Start importing Assets/_Game/Resources/Asset/Internship_BT4_MoveStopMove-20221110T015023Z-001/Internship_BT4_MoveStopMove/3D/CharSkin/Pants/Quần/onion.png using Guid(900ea1081f1d73246b602b8090b9e0e4) Importer(815301076,1909f56bfc062723c751e8b465ee728b)  -> (artifact id: '2d3ee9e17d508475657884ef2e0f40ec') in 0.187514 seconds 
Number of asset objects unloaded after import = 3
========================================================================
Received Import Request.
  Time since last request: 0.000032 seconds.
  path: Assets/_Game/Resources/Asset/Internship_BT4_MoveStopMove-20221110T015023Z-001/Internship_BT4_MoveStopMove/3D/CharSkin/Pants/Quần/vantim.png
  artifactKey: Guid(ae826c2e64d6dfc489350f5509772ff9) Importer(815301076,1909f56bfc062723c751e8b465ee728b)
Number of updated assets reloaded before import = 0
Start importing Assets/_Game/Resources/Asset/Internship_BT4_MoveStopMove-20221110T015023Z-001/Internship_BT4_MoveStopMove/3D/CharSkin/Pants/Quần/vantim.png using Guid(ae826c2e64d6dfc489350f5509772ff9) Importer(815301076,1909f56bfc062723c751e8b465ee728b)  -> (artifact id: '9813dafcc3d1cf51bced009126e340e5') in 0.064078 seconds 
Number of asset objects unloaded after import = 3
========================================================================
Received Import Request.
  Time since last request: 41.409604 seconds.
  path: Assets/_Game/Resources/Bitgem/Cube_World/Wood/Source/fence.fbx
  artifactKey: Guid(a465746ba4b97ad46ae89b2ccca10adf) Importer(815301076,1909f56bfc062723c751e8b465ee728b)
Number of updated assets reloaded before import = 0
Start importing Assets/_Game/Resources/Bitgem/Cube_World/Wood/Source/fence.fbx using Guid(a465746ba4b97ad46ae89b2ccca10adf) Importer(815301076,1909f56bfc062723c751e8b465ee728b)  -> (artifact id: '68a5c285661fc491b4924de59bbcfac4') in 0.115124 seconds 
Number of asset objects unloaded after import = 25
========================================================================
Received Import Request.
  Time since last request: 0.000021 seconds.
  path: Assets/_Game/Resources/Bitgem/Cube_World/Wood/Prefabs/fence_pole_wood.prefab
  artifactKey: Guid(df5b0da25fcd1094aa0d8b13ba37d0f8) Importer(815301076,1909f56bfc062723c751e8b465ee728b)
Number of updated assets reloaded before import = 0
Start importing Assets/_Game/Resources/Bitgem/Cube_World/Wood/Prefabs/fence_pole_wood.prefab using Guid(df5b0da25fcd1094aa0d8b13ba37d0f8) Importer(815301076,1909f56bfc062723c751e8b465ee728b)  -> (artifact id: '160388c41b83e7f7d68236e0067247f4') in 0.022606 seconds 
Number of asset objects unloaded after import = 22
========================================================================
Received Import Request.
  Time since last request: 1.731888 seconds.
  path: Assets/_Game/Resources/Bitgem/Cube_World/Mine_Rail/Source/rail_tracks_cross.fbx
  artifactKey: Guid(cb92e8560c5fc904b884c864b01f6e5b) Importer(815301076,1909f56bfc062723c751e8b465ee728b)
Number of updated assets reloaded before import = 0
Start importing Assets/_Game/Resources/Bitgem/Cube_World/Mine_Rail/Source/rail_tracks_cross.fbx using Guid(cb92e8560c5fc904b884c864b01f6e5b) Importer(815301076,1909f56bfc062723c751e8b465ee728b)  -> (artifact id: '4eed1927713808376eaafc523a389476') in 0.092047 seconds 
Number of asset objects unloaded after import = 22
========================================================================
Received Import Request.
  Time since last request: 6.043401 seconds.
  path: Assets/_Game/Resources/Bitgem/Jungle_Cube/Prefabs/jungle_monster_spear.prefab
  artifactKey: Guid(a97c0950801cf4c6da6acc515d3b2143) Importer(815301076,1909f56bfc062723c751e8b465ee728b)
Number of updated assets reloaded before import = 0
Start importing Assets/_Game/Resources/Bitgem/Jungle_Cube/Prefabs/jungle_monster_spear.prefab using Guid(a97c0950801cf4c6da6acc515d3b2143) Importer(815301076,1909f56bfc062723c751e8b465ee728b)  -> (artifact id: 'c32861521d0f390f16fb6571f879cd83') in 0.229964 seconds 
Number of asset objects unloaded after import = 159
========================================================================
Received Import Request.
  Time since last request: 0.675697 seconds.
  path: Assets/_Game/Resources/Bitgem/Cube_World/Mining/Prefabs/spear_gold.prefab
  artifactKey: Guid(38cb0b4f0c9642c4b803841b24623427) Importer(815301076,1909f56bfc062723c751e8b465ee728b)
Number of updated assets reloaded before import = 0
Start importing Assets/_Game/Resources/Bitgem/Cube_World/Mining/Prefabs/spear_gold.prefab using Guid(38cb0b4f0c9642c4b803841b24623427) Importer(815301076,1909f56bfc062723c751e8b465ee728b)  -> (artifact id: 'fadd65ef443aa60a53aaa2f94a4d7ed7') in 0.031594 seconds 
Number of asset objects unloaded after import = 22
========================================================================
Received Import Request.
  Time since last request: 0.249434 seconds.
  path: Assets/_Game/Resources/Bitgem/Cube_World/Mining/Source/spear_short_diamond.fbx
  artifactKey: Guid(96be9292083d9e04b881ae9d79189acf) Importer(815301076,1909f56bfc062723c751e8b465ee728b)
Number of updated assets reloaded before import = 0
Start importing Assets/_Game/Resources/Bitgem/Cube_World/Mining/Source/spear_short_diamond.fbx using Guid(96be9292083d9e04b881ae9d79189acf) Importer(815301076,1909f56bfc062723c751e8b465ee728b)  -> (artifact id: 'e65a26d8a6922a5e413fac9df4dfa7d4') in 0.062547 seconds 
Number of asset objects unloaded after import = 25
========================================================================
Received Import Request.
  Time since last request: 6.884218 seconds.
  path: Assets/_Game/Resources/Bitgem/Cube_World/Wood/Prefabs/door_hatch_wood_light.prefab
  artifactKey: Guid(ef76dbe36e5d14775a54075f9fa851bc) Importer(815301076,1909f56bfc062723c751e8b465ee728b)
Number of updated assets reloaded before import = 0
Start importing Assets/_Game/Resources/Bitgem/Cube_World/Wood/Prefabs/door_hatch_wood_light.prefab using Guid(ef76dbe36e5d14775a54075f9fa851bc) Importer(815301076,1909f56bfc062723c751e8b465ee728b)  -> (artifact id: 'f316865c5157005e1b8df8866096c308') in 0.063685 seconds 
Number of asset objects unloaded after import = 22
========================================================================
Received Import Request.
  Time since last request: 11.922676 seconds.
  path: Assets/_Game/Resources/Bitgem/Jungle_Cube/Source/flower_single_yellow_LOD_group.fbx
  artifactKey: Guid(d1b40d375a935451080be0dac7ccf9ac) Importer(815301076,1909f56bfc062723c751e8b465ee728b)
Number of updated assets reloaded before import = 0
Start importing Assets/_Game/Resources/Bitgem/Jungle_Cube/Source/flower_single_yellow_LOD_group.fbx using Guid(d1b40d375a935451080be0dac7ccf9ac) Importer(815301076,1909f56bfc062723c751e8b465ee728b)  -> (artifact id: 'bf602404a19769f13ae1a05d5c42516a') in 0.106701 seconds 
Number of asset objects unloaded after import = 22
========================================================================
Received Import Request.
  Time since last request: 0.000022 seconds.
  path: Assets/_Game/Resources/Bitgem/Cube_World/Stone/Prefabs/flower_yellow.prefab
  artifactKey: Guid(f54e81ceae5690f4d9262ca4456c0829) Importer(815301076,1909f56bfc062723c751e8b465ee728b)
Number of updated assets reloaded before import = 0
Start importing Assets/_Game/Resources/Bitgem/Cube_World/Stone/Prefabs/flower_yellow.prefab using Guid(f54e81ceae5690f4d9262ca4456c0829) Importer(815301076,1909f56bfc062723c751e8b465ee728b)  -> (artifact id: 'a172bdc69a73cd0fa4f70b3d289e2d10') in 0.019322 seconds 
Number of asset objects unloaded after import = 22
========================================================================
Received Import Request.
  Time since last request: 12.023481 seconds.
  path: Assets/_Game/Resources/Bitgem/Cube_World/Tower_Defense/Source/generator_head_lvl1.fbx
  artifactKey: Guid(5ee1aa8b050564ff08aaf23473196e57) Importer(815301076,1909f56bfc062723c751e8b465ee728b)
Number of updated assets reloaded before import = 0
Start importing Assets/_Game/Resources/Bitgem/Cube_World/Tower_Defense/Source/generator_head_lvl1.fbx using Guid(5ee1aa8b050564ff08aaf23473196e57) Importer(815301076,1909f56bfc062723c751e8b465ee728b)  -> (artifact id: 'c48479601c6d1c8c5469dc45840cad3b') in 0.110251 seconds 
Number of asset objects unloaded after import = 25
========================================================================
Received Import Request.
  Time since last request: 14.489663 seconds.
  path: Assets/_Game/Resources/Bitgem/Jungle_Cube/Prefabs/block_rail2_LOD_group.prefab
  artifactKey: Guid(68802dc892cc148868889a7afad273d9) Importer(815301076,1909f56bfc062723c751e8b465ee728b)
Number of updated assets reloaded before import = 0
Start importing Assets/_Game/Resources/Bitgem/Jungle_Cube/Prefabs/block_rail2_LOD_group.prefab using Guid(68802dc892cc148868889a7afad273d9) Importer(815301076,1909f56bfc062723c751e8b465ee728b)  -> (artifact id: '453348d769843bbfd9af976e8137bceb') in 0.086939 seconds 
Number of asset objects unloaded after import = 27
========================================================================
Received Import Request.
  Time since last request: 0.000026 seconds.
  path: Assets/_Game/Resources/Bitgem/Cube_World/Powerups/Prefabs/block_random.prefab
  artifactKey: Guid(4f39b37ede9a931458338ddd6674d539) Importer(815301076,1909f56bfc062723c751e8b465ee728b)
Number of updated assets reloaded before import = 0
Start importing Assets/_Game/Resources/Bitgem/Cube_World/Powerups/Prefabs/block_random.prefab using Guid(4f39b37ede9a931458338ddd6674d539) Importer(815301076,1909f56bfc062723c751e8b465ee728b)  -> (artifact id: '46ee2fafa57c0467a61eb9f7b722d078') in 0.028124 seconds 
Number of asset objects unloaded after import = 22
========================================================================
Received Import Request.
  Time since last request: 0.783649 seconds.
  path: Assets/_Game/Resources/Bitgem/Cube_World/Tree/Prefabs/branch_L_LOD_group.prefab
  artifactKey: Guid(4a86d5e00d09e4e518be106b4520b071) Importer(815301076,1909f56bfc062723c751e8b465ee728b)
Number of updated assets reloaded before import = 0
Start importing Assets/_Game/Resources/Bitgem/Cube_World/Tree/Prefabs/branch_L_LOD_group.prefab using Guid(4a86d5e00d09e4e518be106b4520b071) Importer(815301076,1909f56bfc062723c751e8b465ee728b)  -> (artifact id: '58c7d5e5a57718d25d7be99463f0c1e2') in 0.025177 seconds 
Number of asset objects unloaded after import = 22
Editor requested this worker to shutdown with reason: Scaling down because of idle timeout
AssetImportWorker is now disconnected from the server
Process exiting
Exiting without the bug reporter. Application will terminate with return code 0