Using pre-set license
Built from '2021.3/staging' branch; Version is '2021.3.32f1 (3b9dae9532f5) revision 3906990'; Using compiler version '192829333'; Build Type 'Release'
OS: 'Windows 10  (10.0.19045) 64bit CoreSingleLanguage' Language: 'en' Physical Memory: 16219 MB
BatchMode: 1, IsHumanControllingUs: 0, StartBugReporterOnCrash: 0, Is64bit: 1, IsPro: 1

COMMAND LINE ARGUMENTS:
C:\Program Files\Unity 2021.3.32f1\Editor\Unity.exe
-adb2
-batchMode
-noUpm
-name
AssetImportWorker0
-projectPath
C:/Users/Laptop cua Phuc/MoveStopMove_NBP
-logFile
Logs/AssetImportWorker0.log
-srvPort
50708
Successfully changed project path to: C:/Users/Laptop cua Phuc/MoveStopMove_NBP
C:/Users/Laptop cua Phuc/MoveStopMove_NBP
[UnityMemory] Configuration Parameters - Can be set up in boot.config
    "memorysetup-bucket-allocator-granularity=16"
    "memorysetup-bucket-allocator-bucket-count=8"
    "memorysetup-bucket-allocator-block-size=33554432"
    "memorysetup-bucket-allocator-block-count=8"
    "memorysetup-main-allocator-block-size=16777216"
    "memorysetup-thread-allocator-block-size=16777216"
    "memorysetup-gfx-main-allocator-block-size=16777216"
    "memorysetup-gfx-thread-allocator-block-size=16777216"
    "memorysetup-cache-allocator-block-size=4194304"
    "memorysetup-typetree-allocator-block-size=2097152"
    "memorysetup-profiler-bucket-allocator-granularity=16"
    "memorysetup-profiler-bucket-allocator-bucket-count=8"
    "memorysetup-profiler-bucket-allocator-block-size=33554432"
    "memorysetup-profiler-bucket-allocator-block-count=8"
    "memorysetup-profiler-allocator-block-size=16777216"
    "memorysetup-profiler-editor-allocator-block-size=1048576"
    "memorysetup-temp-allocator-size-main=16777216"
    "memorysetup-job-temp-allocator-block-size=2097152"
    "memorysetup-job-temp-allocator-block-size-background=1048576"
    "memorysetup-job-temp-allocator-reduction-small-platforms=262144"
    "memorysetup-temp-allocator-size-background-worker=32768"
    "memorysetup-temp-allocator-size-job-worker=262144"
    "memorysetup-temp-allocator-size-preload-manager=33554432"
    "memorysetup-temp-allocator-size-nav-mesh-worker=65536"
    "memorysetup-temp-allocator-size-audio-worker=65536"
    "memorysetup-temp-allocator-size-cloud-worker=32768"
    "memorysetup-temp-allocator-size-gi-baking-worker=262144"
    "memorysetup-temp-allocator-size-gfx=262144"
Player connection [27716] Host "[IP] 192.168.0.220 [Port] 0 [Flags] 2 [Guid] 290715709 [EditorId] 290715709 [Version] 1048832 [Id] WindowsEditor(7,LAPTOP-6POE2SJS) [Debug] 1 [PackageName] WindowsEditor [ProjectName] Editor" joined multi-casting on [225.0.0.222:54997]...

Player connection [27716] Host "[IP] 192.168.0.220 [Port] 0 [Flags] 2 [Guid] 290715709 [EditorId] 290715709 [Version] 1048832 [Id] WindowsEditor(7,LAPTOP-6POE2SJS) [Debug] 1 [PackageName] WindowsEditor [ProjectName] Editor" joined alternative multi-casting on [225.0.0.222:34997]...

[Physics::Module] Initialized MultithreadedJobDispatcher with {0} workers.
Refreshing native plugins compatible for Editor in 64.35 ms, found 3 plugins.
Preloading 0 native plugins for Editor in 0.00 ms.
Initialize engine version: 2021.3.32f1 (3b9dae9532f5)
[Subsystems] Discovering subsystems at path C:/Program Files/Unity 2021.3.32f1/Editor/Data/Resources/UnitySubsystems
[Subsystems] Discovering subsystems at path C:/Users/Laptop cua Phuc/MoveStopMove_NBP/Assets
GfxDevice: creating device client; threaded=0; jobified=0
Direct3D:
    Version:  Direct3D 11.0 [level 11.1]
    Renderer: NVIDIA GeForce GTX 1650 Ti (ID=0x1f95)
    Vendor:   NVIDIA
    VRAM:     3962 MB
    Driver:   31.0.15.1691
Initialize mono
Mono path[0] = 'C:/Program Files/Unity 2021.3.32f1/Editor/Data/Managed'
Mono path[1] = 'C:/Program Files/Unity 2021.3.32f1/Editor/Data/MonoBleedingEdge/lib/mono/unityjit-win32'
Mono config path = 'C:/Program Files/Unity 2021.3.32f1/Editor/Data/MonoBleedingEdge/etc'
Using monoOptions --debugger-agent=transport=dt_socket,embedding=1,server=y,suspend=n,address=127.0.0.1:56324
Begin MonoManager ReloadAssembly
Registering precompiled unity dll's ...
Register platform support module: C:/Program Files/Unity 2021.3.32f1/Editor/Data/PlaybackEngines/WindowsStandaloneSupport/UnityEditor.WindowsStandalone.Extensions.dll
Registered in 0.007772 seconds.
Native extension for WindowsStandalone target not found
Refreshing native plugins compatible for Editor in 63.89 ms, found 3 plugins.
Preloading 0 native plugins for Editor in 0.00 ms.
Mono: successfully reloaded assembly
- Completed reload, in  0.676 seconds
Domain Reload Profiling:
	ReloadAssembly (677ms)
		BeginReloadAssembly (128ms)
			ExecutionOrderSort (0ms)
			DisableScriptedObjects (0ms)
			BackupInstance (0ms)
			ReleaseScriptingObjects (0ms)
			CreateAndSetChildDomain (10ms)
		EndReloadAssembly (431ms)
			LoadAssemblies (115ms)
			RebuildTransferFunctionScriptingTraits (0ms)
			SetupTypeCache (117ms)
			ReleaseScriptCaches (0ms)
			RebuildScriptCaches (30ms)
			SetupLoadedEditorAssemblies (239ms)
				LogAssemblyErrors (0ms)
				InitializePlatformSupportModulesInManaged (8ms)
				SetLoadedEditorAssemblies (0ms)
				RefreshPlugins (64ms)
				BeforeProcessingInitializeOnLoad (1ms)
				ProcessInitializeOnLoadAttributes (114ms)
				ProcessInitializeOnLoadMethodAttributes (51ms)
				AfterProcessingInitializeOnLoad (0ms)
				EditorAssembliesLoaded (0ms)
			ExecutionOrderSort2 (0ms)
			AwakeInstancesAfterBackupRestoration (0ms)
Platform modules already initialized, skipping
Registering precompiled user dll's ...
Registered in 0.009240 seconds.
Begin MonoManager ReloadAssembly
Native extension for WindowsStandalone target not found
Refreshing native plugins compatible for Editor in 0.43 ms, found 3 plugins.
Preloading 0 native plugins for Editor in 0.00 ms.
Package Manager log level set to [2]
[Package Manager] Server::EnsureServerProcessIsRunning -- launch failed, reason: Unity was launched with the -noUpm command-line argument
[Package Manager] Cannot connect to Unity Package Manager local server
Mono: successfully reloaded assembly
- Completed reload, in  1.559 seconds
Domain Reload Profiling:
	ReloadAssembly (1560ms)
		BeginReloadAssembly (148ms)
			ExecutionOrderSort (0ms)
			DisableScriptedObjects (6ms)
			BackupInstance (0ms)
			ReleaseScriptingObjects (0ms)
			CreateAndSetChildDomain (18ms)
		EndReloadAssembly (1302ms)
			LoadAssemblies (118ms)
			RebuildTransferFunctionScriptingTraits (0ms)
			SetupTypeCache (261ms)
			ReleaseScriptCaches (1ms)
			RebuildScriptCaches (47ms)
			SetupLoadedEditorAssemblies (875ms)
				LogAssemblyErrors (0ms)
				InitializePlatformSupportModulesInManaged (5ms)
				SetLoadedEditorAssemblies (0ms)
				RefreshPlugins (0ms)
				BeforeProcessingInitializeOnLoad (91ms)
				ProcessInitializeOnLoadAttributes (737ms)
				ProcessInitializeOnLoadMethodAttributes (28ms)
				AfterProcessingInitializeOnLoad (13ms)
				EditorAssembliesLoaded (0ms)
			ExecutionOrderSort2 (0ms)
			AwakeInstancesAfterBackupRestoration (9ms)
Platform modules already initialized, skipping
========================================================================
Worker process is ready to serve import requests
Launched and connected shader compiler UnityShaderCompiler.exe after 0.07 seconds
Refreshing native plugins compatible for Editor in 0.58 ms, found 3 plugins.
Preloading 0 native plugins for Editor in 0.00 ms.
Unloading 3067 Unused Serialized files (Serialized files now loaded: 0)
Unloading 23 unused Assets / (46.8 KB). Loaded Objects now: 3527.
Memory consumption went from 108.0 MB to 107.9 MB.
Total: 4.568900 ms (FindLiveObjects: 0.584200 ms CreateObjectMapping: 0.310400 ms MarkObjects: 3.584100 ms  DeleteObjects: 0.089200 ms)

AssetImportParameters requested are different than current active one (requested -> active):
  custom:video-decoder-ogg-theora: a1e56fd34408186e4bbccfd4996cb3dc -> 
  custom:container-muxer-webm: aa71ff27fc2769a1b78a27578f13a17b -> 
  custom:container-demuxer-webm: 4f35f7cbe854078d1ac9338744f61a02 -> 
  custom:video-encoder-webm-vp8: eb34c28f22e8b96e1ab97ce403110664 -> 
  custom:video-codec-MediaFoundation-h265: 746d11721c4dcdbdad8f713fa42b33f4 -> 
  custom:CustomObjectIndexerAttribute: bc11b3a6c3213fcdd17b65e7da85e133 -> 
  custom:audio-encoder-webm-vorbis: bf7c407c2cedff20999df2af8eb42d56 -> 
  custom:framework-win-MediaFoundation: 216162199b28c13a410421893ffa2e32 -> 
  custom:SearchIndexIgnoredProperties: e643bd26f0fe6173181afceb89e7c659 -> 
  custom:container-demuxer-ogg: 62fdf1f143b41e24485cea50d1cbac27 -> 
  custom:video-decoder-webm-vp8: 9c59270c3fd7afecdb556c50c9e8de78 -> 
  custom:audio-decoder-ogg-vorbis: bf7c407c2cedff20999df2af8eb42d56 -> 
========================================================================
Received Import Request.
  Time since last request: 1023741.299374 seconds.
  path: Assets/_Game
  artifactKey: Guid(d458929d97669f14aad58adcfe659f10) Importer(815301076,1909f56bfc062723c751e8b465ee728b)
Number of updated assets reloaded before import = 0
Start importing Assets/_Game using Guid(d458929d97669f14aad58adcfe659f10) Importer(815301076,1909f56bfc062723c751e8b465ee728b)  -> (artifact id: '9b16b20ca2130390c348f2f2379584bb') in 0.026666 seconds 
Number of asset objects unloaded after import = 0
========================================================================
Received Import Request.
  Time since last request: 11.614489 seconds.
  path: Assets/_Game/_GamePlay
  artifactKey: Guid(4e8b45c7550d9f04b9c1ad7ddba29f09) Importer(815301076,1909f56bfc062723c751e8b465ee728b)
Number of updated assets reloaded before import = 0
Start importing Assets/_Game/_GamePlay using Guid(4e8b45c7550d9f04b9c1ad7ddba29f09) Importer(815301076,1909f56bfc062723c751e8b465ee728b)  -> (artifact id: '8c3a5cfe46a724cba495088eda306377') in 0.009371 seconds 
Number of asset objects unloaded after import = 0
========================================================================
Received Import Request.
  Time since last request: 4.100498 seconds.
  path: Assets/_Game/_Manager
  artifactKey: Guid(9c72eaa1a9f77f349a9768ed69c0c51d) Importer(815301076,1909f56bfc062723c751e8b465ee728b)
Number of updated assets reloaded before import = 0
Start importing Assets/_Game/_Manager using Guid(9c72eaa1a9f77f349a9768ed69c0c51d) Importer(815301076,1909f56bfc062723c751e8b465ee728b)  -> (artifact id: '6f60739dd9545e07713988297b6f2853') in 0.008198 seconds 
Number of asset objects unloaded after import = 0
========================================================================
Received Import Request.
  Time since last request: 12.055325 seconds.
  path: Assets/_Game/Scripts
  artifactKey: Guid(1778f514919521440816160f57003fc5) Importer(815301076,1909f56bfc062723c751e8b465ee728b)
Number of updated assets reloaded before import = 0
Start importing Assets/_Game/Scripts using Guid(1778f514919521440816160f57003fc5) Importer(815301076,1909f56bfc062723c751e8b465ee728b)  -> (artifact id: '634b733ec2f2c3fdee81809c61a1f65a') in 0.026653 seconds 
Number of asset objects unloaded after import = 0
========================================================================
Received Import Request.
  Time since last request: 9.605063 seconds.
  path: Assets/_Game/Prefabs
  artifactKey: Guid(69cad5ef9532e314a96f80305e091ca5) Importer(815301076,1909f56bfc062723c751e8b465ee728b)
Number of updated assets reloaded before import = 0
Start importing Assets/_Game/Prefabs using Guid(69cad5ef9532e314a96f80305e091ca5) Importer(815301076,1909f56bfc062723c751e8b465ee728b)  -> (artifact id: '9e8ddc2b7e5c24bfcc4048516284db16') in 0.011233 seconds 
Number of asset objects unloaded after import = 0
========================================================================
Received Import Request.
  Time since last request: 8.609924 seconds.
  path: Assets/_Game/Animations
  artifactKey: Guid(ecf1052ed987b8842b021059f7e04540) Importer(815301076,1909f56bfc062723c751e8b465ee728b)
Number of updated assets reloaded before import = 0
Start importing Assets/_Game/Animations using Guid(ecf1052ed987b8842b021059f7e04540) Importer(815301076,1909f56bfc062723c751e8b465ee728b)  -> (artifact id: '7f444e3931a0a38dfa9eff6d839623d4') in 0.008143 seconds 
Number of asset objects unloaded after import = 0
========================================================================
Received Import Request.
  Time since last request: 26.256882 seconds.
  path: Assets/_Game/Scenes
  artifactKey: Guid(07ec0c93c04ddff4fb4f8b2eb9527b07) Importer(815301076,1909f56bfc062723c751e8b465ee728b)
Number of updated assets reloaded before import = 0
Start importing Assets/_Game/Scenes using Guid(07ec0c93c04ddff4fb4f8b2eb9527b07) Importer(815301076,1909f56bfc062723c751e8b465ee728b)  -> (artifact id: 'f804bd6285fb01748f4457ad7dee8d91') in 0.010631 seconds 
Number of asset objects unloaded after import = 0
========================================================================
Received Import Request.
  Time since last request: 42.688668 seconds.
  path: Assets/_Game/Resources
  artifactKey: Guid(7ef3290e5c71dd640a08ac4b50d211fc) Importer(815301076,1909f56bfc062723c751e8b465ee728b)
Number of updated assets reloaded before import = 0
Start importing Assets/_Game/Resources using Guid(7ef3290e5c71dd640a08ac4b50d211fc) Importer(815301076,1909f56bfc062723c751e8b465ee728b)  -> (artifact id: '2d4e382d5dde3fa7a99477b22e2a87e0') in 0.025073 seconds 
Number of asset objects unloaded after import = 0
========================================================================
Received Prepare
Registering precompiled user dll's ...
Registered in 0.007563 seconds.
Begin MonoManager ReloadAssembly
Native extension for WindowsStandalone target not found
Refreshing native plugins compatible for Editor in 0.84 ms, found 3 plugins.
Preloading 0 native plugins for Editor in 0.00 ms.
[Package Manager] Server::EnsureServerProcessIsRunning -- launch failed, reason: Unity was launched with the -noUpm command-line argument
[Package Manager] Cannot connect to Unity Package Manager local server
Mono: successfully reloaded assembly
- Completed reload, in  1.635 seconds
Domain Reload Profiling:
	ReloadAssembly (1635ms)
		BeginReloadAssembly (168ms)
			ExecutionOrderSort (0ms)
			DisableScriptedObjects (6ms)
			BackupInstance (0ms)
			ReleaseScriptingObjects (0ms)
			CreateAndSetChildDomain (37ms)
		EndReloadAssembly (1365ms)
			LoadAssemblies (118ms)
			RebuildTransferFunctionScriptingTraits (0ms)
			SetupTypeCache (329ms)
			ReleaseScriptCaches (2ms)
			RebuildScriptCaches (58ms)
			SetupLoadedEditorAssemblies (840ms)
				LogAssemblyErrors (0ms)
				InitializePlatformSupportModulesInManaged (7ms)
				SetLoadedEditorAssemblies (1ms)
				RefreshPlugins (1ms)
				BeforeProcessingInitializeOnLoad (67ms)
				ProcessInitializeOnLoadAttributes (735ms)
				ProcessInitializeOnLoadMethodAttributes (18ms)
				AfterProcessingInitializeOnLoad (10ms)
				EditorAssembliesLoaded (0ms)
			ExecutionOrderSort2 (0ms)
			AwakeInstancesAfterBackupRestoration (8ms)
Platform modules already initialized, skipping
Refreshing native plugins compatible for Editor in 0.67 ms, found 3 plugins.
Preloading 0 native plugins for Editor in 0.00 ms.
Unloading 3061 Unused Serialized files (Serialized files now loaded: 0)
Unloading 18 unused Assets / (22.0 KB). Loaded Objects now: 3531.
Memory consumption went from 109.8 MB to 109.8 MB.
Total: 3.275000 ms (FindLiveObjects: 0.232700 ms CreateObjectMapping: 0.204400 ms MarkObjects: 2.783400 ms  DeleteObjects: 0.053600 ms)

AssetImportParameters requested are different than current active one (requested -> active):
  custom:video-decoder-ogg-theora: a1e56fd34408186e4bbccfd4996cb3dc -> 
  custom:container-muxer-webm: aa71ff27fc2769a1b78a27578f13a17b -> 
  custom:container-demuxer-webm: 4f35f7cbe854078d1ac9338744f61a02 -> 
  custom:video-encoder-webm-vp8: eb34c28f22e8b96e1ab97ce403110664 -> 
  custom:video-codec-MediaFoundation-h265: 746d11721c4dcdbdad8f713fa42b33f4 -> 
  custom:CustomObjectIndexerAttribute: bc11b3a6c3213fcdd17b65e7da85e133 -> 
  custom:audio-encoder-webm-vorbis: bf7c407c2cedff20999df2af8eb42d56 -> 
  custom:framework-win-MediaFoundation: 216162199b28c13a410421893ffa2e32 -> 
  custom:SearchIndexIgnoredProperties: e643bd26f0fe6173181afceb89e7c659 -> 
  custom:container-demuxer-ogg: 62fdf1f143b41e24485cea50d1cbac27 -> 
  custom:video-decoder-webm-vp8: 9c59270c3fd7afecdb556c50c9e8de78 -> 
  custom:audio-decoder-ogg-vorbis: bf7c407c2cedff20999df2af8eb42d56 -> 
========================================================================
Received Import Request.
  Time since last request: 145.039855 seconds.
  path: Assets/_Game/Resources/Bitgem
  artifactKey: Guid(10678a478ce8778418a9411b8494f0e7) Importer(815301076,1909f56bfc062723c751e8b465ee728b)
Number of updated assets reloaded before import = 0
Start importing Assets/_Game/Resources/Bitgem using Guid(10678a478ce8778418a9411b8494f0e7) Importer(815301076,1909f56bfc062723c751e8b465ee728b)  -> (artifact id: 'b1abf5c0be6f41756b58fb69f48f4cb7') in 0.014451 seconds 
Number of asset objects unloaded after import = 0
========================================================================
Received Import Request.
  Time since last request: 1.055306 seconds.
  path: Assets/_Game/Resources/Bitgem/Cube_World
  artifactKey: Guid(26ad93a7932c8364fb6983a02304d5ea) Importer(815301076,1909f56bfc062723c751e8b465ee728b)
Number of updated assets reloaded before import = 0
Start importing Assets/_Game/Resources/Bitgem/Cube_World using Guid(26ad93a7932c8364fb6983a02304d5ea) Importer(815301076,1909f56bfc062723c751e8b465ee728b)  -> (artifact id: 'badf0b63ae5792737553e49c6edb7fe5') in 0.018879 seconds 
Number of asset objects unloaded after import = 0
========================================================================
Received Import Request.
  Time since last request: 0.716116 seconds.
  path: Assets/_Game/Resources/Bitgem/Cube_World/_Materials
  artifactKey: Guid(6166c8e0501f4254b974147d0a4908f3) Importer(815301076,1909f56bfc062723c751e8b465ee728b)
Number of updated assets reloaded before import = 0
Start importing Assets/_Game/Resources/Bitgem/Cube_World/_Materials using Guid(6166c8e0501f4254b974147d0a4908f3) Importer(815301076,1909f56bfc062723c751e8b465ee728b)  -> (artifact id: '8c0332ab722335ff4efd39608343a9f9') in 0.018626 seconds 
Number of asset objects unloaded after import = 0
========================================================================
Received Import Request.
  Time since last request: 0.056937 seconds.
  path: Assets/_Game/Resources/Bitgem/Cube_World/_Materials/cube_mat_black.mat
  artifactKey: Guid(b5f0631906fb9044082e5d4b7b53481d) Importer(815301076,1909f56bfc062723c751e8b465ee728b)
Number of updated assets reloaded before import = 0
Start importing Assets/_Game/Resources/Bitgem/Cube_World/_Materials/cube_mat_black.mat using Guid(b5f0631906fb9044082e5d4b7b53481d) Importer(815301076,1909f56bfc062723c751e8b465ee728b)  -> (artifact id: 'ae9dc65ab0d65ed938de40386bc331a3') in 0.568961 seconds 
Number of asset objects unloaded after import = 5
========================================================================
Received Import Request.
  Time since last request: 0.000033 seconds.
  path: Assets/_Game/Resources/Bitgem/Cube_World/_Materials/cube_mat_white.mat
  artifactKey: Guid(885ba1af08e32b04c96bec78d5ff5c1d) Importer(815301076,1909f56bfc062723c751e8b465ee728b)
Number of updated assets reloaded before import = 0
Start importing Assets/_Game/Resources/Bitgem/Cube_World/_Materials/cube_mat_white.mat using Guid(885ba1af08e32b04c96bec78d5ff5c1d) Importer(815301076,1909f56bfc062723c751e8b465ee728b)  -> (artifact id: '6cc25dda8f368395c986549b537c88cc') in 0.020022 seconds 
Number of asset objects unloaded after import = 5
========================================================================
Received Import Request.
  Time since last request: 0.000032 seconds.
  path: Assets/_Game/Resources/Bitgem/Cube_World/_Materials/cube_mat_pink.mat
  artifactKey: Guid(c1ad086e8d288d8459dda20eb456a782) Importer(815301076,1909f56bfc062723c751e8b465ee728b)
Number of updated assets reloaded before import = 0
Start importing Assets/_Game/Resources/Bitgem/Cube_World/_Materials/cube_mat_pink.mat using Guid(c1ad086e8d288d8459dda20eb456a782) Importer(815301076,1909f56bfc062723c751e8b465ee728b)  -> (artifact id: '9ecbba96088ff343a7e012a19727318d') in 0.019308 seconds 
Number of asset objects unloaded after import = 5
========================================================================
Received Import Request.
  Time since last request: 0.000021 seconds.
  path: Assets/_Game/Resources/Bitgem/Cube_World/_Materials/grass_texture.mat
  artifactKey: Guid(ebdadd384544a564d81511e4c4a87fe9) Importer(815301076,1909f56bfc062723c751e8b465ee728b)
Number of updated assets reloaded before import = 0
Start importing Assets/_Game/Resources/Bitgem/Cube_World/_Materials/grass_texture.mat using Guid(ebdadd384544a564d81511e4c4a87fe9) Importer(815301076,1909f56bfc062723c751e8b465ee728b)  -> (artifact id: 'ab52c8f61cabfe320669a0ec7f27e5d2') in 0.017913 seconds 
Number of asset objects unloaded after import = 1
========================================================================
Received Import Request.
  Time since last request: 5.267331 seconds.
  path: Assets/_Game/Resources/Asset/Internship_BT4_MoveStopMove-20221110T015023Z-001/Internship_BT4_MoveStopMove/SM_Cup_01.fbx
  artifactKey: Guid(3fc7e81794db4e94da6a415179b53ec2) Importer(815301076,1909f56bfc062723c751e8b465ee728b)
Number of updated assets reloaded before import = 0
Start importing Assets/_Game/Resources/Asset/Internship_BT4_MoveStopMove-20221110T015023Z-001/Internship_BT4_MoveStopMove/SM_Cup_01.fbx using Guid(3fc7e81794db4e94da6a415179b53ec2) Importer(815301076,1909f56bfc062723c751e8b465ee728b)  -> (artifact id: 'b3bf1d30bcdc94366c735c91ddc2e892') in 0.601302 seconds 
Number of asset objects unloaded after import = 8
========================================================================
Received Import Request.
  Time since last request: 14.711579 seconds.
  path: Assets/_Game/Resources/Asset/Internship_BT4_MoveStopMove-20221110T015023Z-001/Internship_BT4_MoveStopMove/3D/CharSkin/Hair/Cowboy.fbx
  artifactKey: Guid(6537ced4ee7a47447b8b3617767b4ef0) Importer(815301076,1909f56bfc062723c751e8b465ee728b)
Number of updated assets reloaded before import = 0
Start importing Assets/_Game/Resources/Asset/Internship_BT4_MoveStopMove-20221110T015023Z-001/Internship_BT4_MoveStopMove/3D/CharSkin/Hair/Cowboy.fbx using Guid(6537ced4ee7a47447b8b3617767b4ef0) Importer(815301076,1909f56bfc062723c751e8b465ee728b)  -> (artifact id: '9d2f382440d8e5e6313ea56b4d0f43f4') in 0.054817 seconds 
Number of asset objects unloaded after import = 7
========================================================================
Received Import Request.
  Time since last request: 0.000027 seconds.
  path: Assets/_Game/Resources/Asset/Internship_BT4_MoveStopMove-20221110T015023Z-001/Internship_BT4_MoveStopMove/3D/CharSkin/Hair/Hat_Cap.fbx
  artifactKey: Guid(72e9b270471e48a479051d3b196a7e06) Importer(815301076,1909f56bfc062723c751e8b465ee728b)
Number of updated assets reloaded before import = 0
Start importing Assets/_Game/Resources/Asset/Internship_BT4_MoveStopMove-20221110T015023Z-001/Internship_BT4_MoveStopMove/3D/CharSkin/Hair/Hat_Cap.fbx using Guid(72e9b270471e48a479051d3b196a7e06) Importer(815301076,1909f56bfc062723c751e8b465ee728b)  -> (artifact id: '3d169776f1e707fb7a24bab35e0018bd') in 0.028614 seconds 
Number of asset objects unloaded after import = 7
========================================================================
Received Import Request.
  Time since last request: 0.000023 seconds.
  path: Assets/_Game/Resources/Asset/Internship_BT4_MoveStopMove-20221110T015023Z-001/Internship_BT4_MoveStopMove/3D/CharSkin/Hair/Hat.fbx
  artifactKey: Guid(f41c08491d7377d4485a120303447111) Importer(815301076,1909f56bfc062723c751e8b465ee728b)
Number of updated assets reloaded before import = 0
Start importing Assets/_Game/Resources/Asset/Internship_BT4_MoveStopMove-20221110T015023Z-001/Internship_BT4_MoveStopMove/3D/CharSkin/Hair/Hat.fbx using Guid(f41c08491d7377d4485a120303447111) Importer(815301076,1909f56bfc062723c751e8b465ee728b)  -> (artifact id: '28dcd132b8db2bb24f9bb88d454d033f') in 0.050675 seconds 
Number of asset objects unloaded after import = 7
========================================================================
Received Import Request.
  Time since last request: 1.070216 seconds.
  path: Assets/_Game/Resources/Asset/Internship_BT4_MoveStopMove-20221110T015023Z-001/Internship_BT4_MoveStopMove/3D/CharSkin/Pants/chambi.png
  artifactKey: Guid(60bbae7447731bc4f8f7921a7b846832) Importer(815301076,1909f56bfc062723c751e8b465ee728b)
Number of updated assets reloaded before import = 0
Start importing Assets/_Game/Resources/Asset/Internship_BT4_MoveStopMove-20221110T015023Z-001/Internship_BT4_MoveStopMove/3D/CharSkin/Pants/chambi.png using Guid(60bbae7447731bc4f8f7921a7b846832) Importer(815301076,1909f56bfc062723c751e8b465ee728b)  -> (artifact id: 'ca4161679a10a60e0519f40795220096') in 0.051522 seconds 
Number of asset objects unloaded after import = 2
========================================================================
Received Import Request.
  Time since last request: 0.000025 seconds.
  path: Assets/_Game/Resources/Asset/Internship_BT4_MoveStopMove-20221110T015023Z-001/Internship_BT4_MoveStopMove/3D/CharSkin/Pants/pokemon.png
  artifactKey: Guid(f5d61e52e0c02c7499cc3e23eb8c7f3f) Importer(815301076,1909f56bfc062723c751e8b465ee728b)
Number of updated assets reloaded before import = 0
Start importing Assets/_Game/Resources/Asset/Internship_BT4_MoveStopMove-20221110T015023Z-001/Internship_BT4_MoveStopMove/3D/CharSkin/Pants/pokemon.png using Guid(f5d61e52e0c02c7499cc3e23eb8c7f3f) Importer(815301076,1909f56bfc062723c751e8b465ee728b)  -> (artifact id: '5b5184b1c101f05c7fd76fc1aec2bb22') in 0.029219 seconds 
Number of asset objects unloaded after import = 2
========================================================================
Received Import Request.
  Time since last request: 4.328958 seconds.
  path: Assets/_Game/Resources/Asset/Internship_BT4_MoveStopMove-20221110T015023Z-001/Internship_BT4_MoveStopMove/3D/CharSkin/Shield/Khien_2.png
  artifactKey: Guid(ae934b1f00f3a5043b503b68f01450cc) Importer(815301076,1909f56bfc062723c751e8b465ee728b)
Number of updated assets reloaded before import = 0
Start importing Assets/_Game/Resources/Asset/Internship_BT4_MoveStopMove-20221110T015023Z-001/Internship_BT4_MoveStopMove/3D/CharSkin/Shield/Khien_2.png using Guid(ae934b1f00f3a5043b503b68f01450cc) Importer(815301076,1909f56bfc062723c751e8b465ee728b)  -> (artifact id: '28a5fa9553021e413cbac2a52929f4fb') in 0.026953 seconds 
Number of asset objects unloaded after import = 2
========================================================================
Received Import Request.
  Time since last request: 4.544405 seconds.
  path: Assets/_Game/Resources/Asset/Internship_BT4_MoveStopMove-20221110T015023Z-001/Internship_BT4_MoveStopMove/3D/CharSkin/SetFull/Set 1/quan.png
  artifactKey: Guid(49de162ab1ab20c4d88ad87f70ad13af) Importer(815301076,1909f56bfc062723c751e8b465ee728b)
Number of updated assets reloaded before import = 0
Start importing Assets/_Game/Resources/Asset/Internship_BT4_MoveStopMove-20221110T015023Z-001/Internship_BT4_MoveStopMove/3D/CharSkin/SetFull/Set 1/quan.png using Guid(49de162ab1ab20c4d88ad87f70ad13af) Importer(815301076,1909f56bfc062723c751e8b465ee728b)  -> (artifact id: 'c3baad3748fca791ad85b5d2650071c6') in 0.029418 seconds 
Number of asset objects unloaded after import = 2
========================================================================
Received Import Request.
  Time since last request: 3.389621 seconds.
  path: Assets/_Game/Resources/Asset/Internship_BT4_MoveStopMove-20221110T015023Z-001/Internship_BT4_MoveStopMove/3D/CharSkin/SetFull/Set 2/head_angle.fbx
  artifactKey: Guid(1fec1600e289b98468c51e0c2e88c3d6) Importer(815301076,1909f56bfc062723c751e8b465ee728b)
Number of updated assets reloaded before import = 0
Start importing Assets/_Game/Resources/Asset/Internship_BT4_MoveStopMove-20221110T015023Z-001/Internship_BT4_MoveStopMove/3D/CharSkin/SetFull/Set 2/head_angle.fbx using Guid(1fec1600e289b98468c51e0c2e88c3d6) Importer(815301076,1909f56bfc062723c751e8b465ee728b)  -> (artifact id: '71c859c9fe4ea92a997a453a7f343be9') in 0.025830 seconds 
Number of asset objects unloaded after import = 7
========================================================================
Received Import Request.
  Time since last request: 0.000019 seconds.
  path: Assets/_Game/Resources/Asset/Internship_BT4_MoveStopMove-20221110T015023Z-001/Internship_BT4_MoveStopMove/3D/CharSkin/SetFull/Set 2/wing.fbx
  artifactKey: Guid(913e454a8bdbd9c48b9b1adebdb4366a) Importer(815301076,1909f56bfc062723c751e8b465ee728b)
Number of updated assets reloaded before import = 0
Start importing Assets/_Game/Resources/Asset/Internship_BT4_MoveStopMove-20221110T015023Z-001/Internship_BT4_MoveStopMove/3D/CharSkin/SetFull/Set 2/wing.fbx using Guid(913e454a8bdbd9c48b9b1adebdb4366a) Importer(815301076,1909f56bfc062723c751e8b465ee728b)  -> (artifact id: '9635e49758e624939205b009b1b1e26e') in 0.072128 seconds 
Number of asset objects unloaded after import = 17
========================================================================
Received Import Request.
  Time since last request: 1.456080 seconds.
  path: Assets/_Game/Resources/Asset/Internship_BT4_MoveStopMove-20221110T015023Z-001/Internship_BT4_MoveStopMove/3D/CharSkin/SetFull/Set 3/hat_witch.fbx
  artifactKey: Guid(d3651825d381f234b8c513b8555c3f15) Importer(815301076,1909f56bfc062723c751e8b465ee728b)
Number of updated assets reloaded before import = 0
Start importing Assets/_Game/Resources/Asset/Internship_BT4_MoveStopMove-20221110T015023Z-001/Internship_BT4_MoveStopMove/3D/CharSkin/SetFull/Set 3/hat_witch.fbx using Guid(d3651825d381f234b8c513b8555c3f15) Importer(815301076,1909f56bfc062723c751e8b465ee728b)  -> (artifact id: '0d4f63d008f11488d4626763453c7283') in 0.086655 seconds 
Number of asset objects unloaded after import = 7
========================================================================
Received Import Request.
  Time since last request: 5.538602 seconds.
  path: Assets/_Game/Resources/Asset/Internship_BT4_MoveStopMove-20221110T015023Z-001/Internship_BT4_MoveStopMove/3D/CharSkin/SetFull/Set 4/Deadpood.jpg
  artifactKey: Guid(a3ff2f99f0cfd604792f99788a31f3a9) Importer(815301076,1909f56bfc062723c751e8b465ee728b)
Number of updated assets reloaded before import = 0
Start importing Assets/_Game/Resources/Asset/Internship_BT4_MoveStopMove-20221110T015023Z-001/Internship_BT4_MoveStopMove/3D/CharSkin/SetFull/Set 4/Deadpood.jpg using Guid(a3ff2f99f0cfd604792f99788a31f3a9) Importer(815301076,1909f56bfc062723c751e8b465ee728b)  -> (artifact id: '5e766ae8c160cb3943d217f0841133f5') in 0.081207 seconds 
Number of asset objects unloaded after import = 2
========================================================================
Received Import Request.
  Time since last request: 5.962003 seconds.
  path: Assets/_Game/Resources/Asset/Internship_BT4_MoveStopMove-20221110T015023Z-001/Internship_BT4_MoveStopMove/3D/CharSkin/SetFull/Set 5/Icon_Thor.png
  artifactKey: Guid(0363a7557b133774f99bf84dcf6fcbed) Importer(815301076,1909f56bfc062723c751e8b465ee728b)
Number of updated assets reloaded before import = 0
Start importing Assets/_Game/Resources/Asset/Internship_BT4_MoveStopMove-20221110T015023Z-001/Internship_BT4_MoveStopMove/3D/CharSkin/SetFull/Set 5/Icon_Thor.png using Guid(0363a7557b133774f99bf84dcf6fcbed) Importer(815301076,1909f56bfc062723c751e8b465ee728b)  -> (artifact id: '3a69344f8eedbc518fedeede7be0097c') in 0.060015 seconds 
Number of asset objects unloaded after import = 3
========================================================================
Received Import Request.
  Time since last request: 3.476646 seconds.
  path: Assets/_Game/Resources/Asset/Internship_BT4_MoveStopMove-20221110T015023Z-001/Internship_BT4_MoveStopMove/3D/Skin/Axe0_2.png
  artifactKey: Guid(77f4d3953779f3f4c95973ca7e19c96b) Importer(815301076,1909f56bfc062723c751e8b465ee728b)
Number of updated assets reloaded before import = 0
Start importing Assets/_Game/Resources/Asset/Internship_BT4_MoveStopMove-20221110T015023Z-001/Internship_BT4_MoveStopMove/3D/Skin/Axe0_2.png using Guid(77f4d3953779f3f4c95973ca7e19c96b) Importer(815301076,1909f56bfc062723c751e8b465ee728b)  -> (artifact id: 'a47047adc37709a12c99bee0866b0de8') in 0.074525 seconds 
Number of asset objects unloaded after import = 2
========================================================================
Received Import Request.
  Time since last request: 0.000020 seconds.
  path: Assets/_Game/Resources/Asset/Internship_BT4_MoveStopMove-20221110T015023Z-001/Internship_BT4_MoveStopMove/3D/Skin/Candy2_1.png
  artifactKey: Guid(7d518372af454cc4ab121e9ba0a3b1a4) Importer(815301076,1909f56bfc062723c751e8b465ee728b)
Number of updated assets reloaded before import = 0
Start importing Assets/_Game/Resources/Asset/Internship_BT4_MoveStopMove-20221110T015023Z-001/Internship_BT4_MoveStopMove/3D/Skin/Candy2_1.png using Guid(7d518372af454cc4ab121e9ba0a3b1a4) Importer(815301076,1909f56bfc062723c751e8b465ee728b)  -> (artifact id: '0a294328cb094085a9e634e1c2f9bfdc') in 0.028097 seconds 
Number of asset objects unloaded after import = 2
========================================================================
Received Import Request.
  Time since last request: 0.000045 seconds.
  path: Assets/_Game/Resources/Asset/Internship_BT4_MoveStopMove-20221110T015023Z-001/Internship_BT4_MoveStopMove/3D/Skin/Candy4_1.png
  artifactKey: Guid(7a594c63f9302444a8ac52408791a2ca) Importer(815301076,1909f56bfc062723c751e8b465ee728b)
Number of updated assets reloaded before import = 0
Start importing Assets/_Game/Resources/Asset/Internship_BT4_MoveStopMove-20221110T015023Z-001/Internship_BT4_MoveStopMove/3D/Skin/Candy4_1.png using Guid(7a594c63f9302444a8ac52408791a2ca) Importer(815301076,1909f56bfc062723c751e8b465ee728b)  -> (artifact id: '2afb43f89e90f2729997c96db6cbe52c') in 0.027077 seconds 
Number of asset objects unloaded after import = 2
========================================================================
Received Import Request.
  Time since last request: 0.000024 seconds.
  path: Assets/_Game/Resources/Asset/Internship_BT4_MoveStopMove-20221110T015023Z-001/Internship_BT4_MoveStopMove/3D/Skin/candy1_2.png
  artifactKey: Guid(b27961b9f21c63d4fa6eb089471e4106) Importer(815301076,1909f56bfc062723c751e8b465ee728b)
Number of updated assets reloaded before import = 0
Start importing Assets/_Game/Resources/Asset/Internship_BT4_MoveStopMove-20221110T015023Z-001/Internship_BT4_MoveStopMove/3D/Skin/candy1_2.png using Guid(b27961b9f21c63d4fa6eb089471e4106) Importer(815301076,1909f56bfc062723c751e8b465ee728b)  -> (artifact id: '484332a4b5595d86131a7dc068fb4bbf') in 0.024024 seconds 
Number of asset objects unloaded after import = 2
========================================================================
Received Import Request.
  Time since last request: 1.012073 seconds.
  path: Assets/_Game/Resources/Asset/Internship_BT4_MoveStopMove-20221110T015023Z-001/Internship_BT4_MoveStopMove/3D/Skin/Knife_1.png
  artifactKey: Guid(b5bf97cae3505ec4083b45f729900f51) Importer(815301076,1909f56bfc062723c751e8b465ee728b)
Number of updated assets reloaded before import = 0
Start importing Assets/_Game/Resources/Asset/Internship_BT4_MoveStopMove-20221110T015023Z-001/Internship_BT4_MoveStopMove/3D/Skin/Knife_1.png using Guid(b5bf97cae3505ec4083b45f729900f51) Importer(815301076,1909f56bfc062723c751e8b465ee728b)  -> (artifact id: 'b6cfad8537ab6ccb4bea0bb33a6d7978') in 0.022348 seconds 
Number of asset objects unloaded after import = 2
========================================================================
Received Import Request.
  Time since last request: 0.430084 seconds.
  path: Assets/_Game/Resources/Asset/Internship_BT4_MoveStopMove-20221110T015023Z-001/Internship_BT4_MoveStopMove/3D/Skin/Uzi_1.png
  artifactKey: Guid(ff04786841d7a76478342ad738f379e8) Importer(815301076,1909f56bfc062723c751e8b465ee728b)
Number of updated assets reloaded before import = 0
Start importing Assets/_Game/Resources/Asset/Internship_BT4_MoveStopMove-20221110T015023Z-001/Internship_BT4_MoveStopMove/3D/Skin/Uzi_1.png using Guid(ff04786841d7a76478342ad738f379e8) Importer(815301076,1909f56bfc062723c751e8b465ee728b)  -> (artifact id: '057daed487504508269a9431712b6086') in 0.056339 seconds 
Number of asset objects unloaded after import = 2
========================================================================
Received Import Request.
  Time since last request: 2.896035 seconds.
  path: Assets/_Game/Resources/Asset/Internship_BT4_MoveStopMove-20221110T015023Z-001/Internship_BT4_MoveStopMove/3D/Weapon/Axe_0.fbx
  artifactKey: Guid(1c040a6e7d23e904b87e93fb9c66a037) Importer(815301076,1909f56bfc062723c751e8b465ee728b)
Number of updated assets reloaded before import = 0
Start importing Assets/_Game/Resources/Asset/Internship_BT4_MoveStopMove-20221110T015023Z-001/Internship_BT4_MoveStopMove/3D/Weapon/Axe_0.fbx using Guid(1c040a6e7d23e904b87e93fb9c66a037) Importer(815301076,1909f56bfc062723c751e8b465ee728b)  -> (artifact id: 'abd0a5ed1df15bf21ec0d7092280bed9') in 0.027134 seconds 
Number of asset objects unloaded after import = 7
========================================================================
Received Import Request.
  Time since last request: 0.000025 seconds.
  path: Assets/_Game/Resources/Asset/Internship_BT4_MoveStopMove-20221110T015023Z-001/Internship_BT4_MoveStopMove/3D/Weapon/candy_4.fbx
  artifactKey: Guid(37a28123e5e39f44fbff5daa106af161) Importer(815301076,1909f56bfc062723c751e8b465ee728b)
Number of updated assets reloaded before import = 0
Start importing Assets/_Game/Resources/Asset/Internship_BT4_MoveStopMove-20221110T015023Z-001/Internship_BT4_MoveStopMove/3D/Weapon/candy_4.fbx using Guid(37a28123e5e39f44fbff5daa106af161) Importer(815301076,1909f56bfc062723c751e8b465ee728b)  -> (artifact id: '8b468be4334526b291b3748da009e14b') in 0.060957 seconds 
Number of asset objects unloaded after import = 7
========================================================================
Received Import Request.
  Time since last request: 0.000022 seconds.
  path: Assets/_Game/Resources/Asset/Internship_BT4_MoveStopMove-20221110T015023Z-001/Internship_BT4_MoveStopMove/3D/Weapon/Z.fbx
  artifactKey: Guid(f6ba6acc744d0ff46af0b4623f8862f4) Importer(815301076,1909f56bfc062723c751e8b465ee728b)
Number of updated assets reloaded before import = 0
Start importing Assets/_Game/Resources/Asset/Internship_BT4_MoveStopMove-20221110T015023Z-001/Internship_BT4_MoveStopMove/3D/Weapon/Z.fbx using Guid(f6ba6acc744d0ff46af0b4623f8862f4) Importer(815301076,1909f56bfc062723c751e8b465ee728b)  -> (artifact id: 'd43bed46aafe30653478959582b4688f') in 0.025338 seconds 
Number of asset objects unloaded after import = 7
========================================================================
Received Import Request.
  Time since last request: 20.216552 seconds.
  path: Assets/_Game/Resources/Asset/Internship_BT4_MoveStopMove-20221110T015023Z-001/Internship_BT4_MoveStopMove/GUI/_Other/circle-outline-big.png
  artifactKey: Guid(926d9b489f2bdd840a304a012ea8df32) Importer(815301076,1909f56bfc062723c751e8b465ee728b)
Number of updated assets reloaded before import = 0
Start importing Assets/_Game/Resources/Asset/Internship_BT4_MoveStopMove-20221110T015023Z-001/Internship_BT4_MoveStopMove/GUI/_Other/circle-outline-big.png using Guid(926d9b489f2bdd840a304a012ea8df32) Importer(815301076,1909f56bfc062723c751e8b465ee728b)  -> (artifact id: '9c5788c049c638e6fb42f96f6f496b04') in 0.046731 seconds 
Number of asset objects unloaded after import = 3
========================================================================
Received Import Request.
  Time since last request: 0.000015 seconds.
  path: Assets/_Game/Resources/Asset/Internship_BT4_MoveStopMove-20221110T015023Z-001/Internship_BT4_MoveStopMove/GUI/_Other/circle_Sliced2.png
  artifactKey: Guid(5566744cbd519894d8ba702843b96697) Importer(815301076,1909f56bfc062723c751e8b465ee728b)
Number of updated assets reloaded before import = 0
Start importing Assets/_Game/Resources/Asset/Internship_BT4_MoveStopMove-20221110T015023Z-001/Internship_BT4_MoveStopMove/GUI/_Other/circle_Sliced2.png using Guid(5566744cbd519894d8ba702843b96697) Importer(815301076,1909f56bfc062723c751e8b465ee728b)  -> (artifact id: 'f9c72fb29e74a96d38c7032a0406b41d') in 0.029878 seconds 
Number of asset objects unloaded after import = 3
========================================================================
Received Import Request.
  Time since last request: 0.000023 seconds.
  path: Assets/_Game/Resources/Asset/Internship_BT4_MoveStopMove-20221110T015023Z-001/Internship_BT4_MoveStopMove/GUI/_Other/Frame-DoubleReward#1_TimeOut.png
  artifactKey: Guid(a48cd42c5f205924eb2d8b344d633157) Importer(815301076,1909f56bfc062723c751e8b465ee728b)
Number of updated assets reloaded before import = 0
Start importing Assets/_Game/Resources/Asset/Internship_BT4_MoveStopMove-20221110T015023Z-001/Internship_BT4_MoveStopMove/GUI/_Other/Frame-DoubleReward#1_TimeOut.png using Guid(a48cd42c5f205924eb2d8b344d633157) Importer(815301076,1909f56bfc062723c751e8b465ee728b)  -> (artifact id: 'aba812afde40aab9906529f854549b6f') in 0.037576 seconds 
Number of asset objects unloaded after import = 3
========================================================================
Received Import Request.
  Time since last request: 0.000020 seconds.
  path: Assets/_Game/Resources/Asset/Internship_BT4_MoveStopMove-20221110T015023Z-001/Internship_BT4_MoveStopMove/GUI/_Other/Frame-ADS#1_Home.png
  artifactKey: Guid(5bd3d39268996dd44b99f87e5ec70c23) Importer(815301076,1909f56bfc062723c751e8b465ee728b)
Number of updated assets reloaded before import = 0
Start importing Assets/_Game/Resources/Asset/Internship_BT4_MoveStopMove-20221110T015023Z-001/Internship_BT4_MoveStopMove/GUI/_Other/Frame-ADS#1_Home.png using Guid(5bd3d39268996dd44b99f87e5ec70c23) Importer(815301076,1909f56bfc062723c751e8b465ee728b)  -> (artifact id: '168ce02151f1d6d74e974137439bc7c4') in 0.034014 seconds 
Number of asset objects unloaded after import = 3
========================================================================
Received Import Request.
  Time since last request: 0.000048 seconds.
  path: Assets/_Game/Resources/Asset/Internship_BT4_MoveStopMove-20221110T015023Z-001/Internship_BT4_MoveStopMove/GUI/_Other/Frame-DoubleReward#2_TimeOut.png
  artifactKey: Guid(9b11ab0016844924280875f31869c20f) Importer(815301076,1909f56bfc062723c751e8b465ee728b)
Number of updated assets reloaded before import = 0
Start importing Assets/_Game/Resources/Asset/Internship_BT4_MoveStopMove-20221110T015023Z-001/Internship_BT4_MoveStopMove/GUI/_Other/Frame-DoubleReward#2_TimeOut.png using Guid(9b11ab0016844924280875f31869c20f) Importer(815301076,1909f56bfc062723c751e8b465ee728b)  -> (artifact id: 'ae5dfeeccd1791c852e546134100f39c') in 0.025517 seconds 
Number of asset objects unloaded after import = 3
========================================================================
Received Import Request.
  Time since last request: 5.877814 seconds.
  path: Assets/_Game/Resources/Asset/Internship_BT4_MoveStopMove-20221110T015023Z-001/Internship_BT4_MoveStopMove/GUI/FormMainMenu/But-ZobieCity_Home_2.png
  artifactKey: Guid(81d14de217cff1e46b165cbe20862a92) Importer(815301076,1909f56bfc062723c751e8b465ee728b)
Number of updated assets reloaded before import = 0
Start importing Assets/_Game/Resources/Asset/Internship_BT4_MoveStopMove-20221110T015023Z-001/Internship_BT4_MoveStopMove/GUI/FormMainMenu/But-ZobieCity_Home_2.png using Guid(81d14de217cff1e46b165cbe20862a92) Importer(815301076,1909f56bfc062723c751e8b465ee728b)  -> (artifact id: 'de45b914fd1458be9087fce56cbecc9b') in 0.045408 seconds 
Number of asset objects unloaded after import = 3
========================================================================
Received Import Request.
  Time since last request: 0.000016 seconds.
  path: Assets/_Game/Resources/Asset/Internship_BT4_MoveStopMove-20221110T015023Z-001/Internship_BT4_MoveStopMove/GUI/FormMainMenu/Frame-Play_Home.png
  artifactKey: Guid(94441927f6016d949b3de7ce0743f650) Importer(815301076,1909f56bfc062723c751e8b465ee728b)
Number of updated assets reloaded before import = 0
Start importing Assets/_Game/Resources/Asset/Internship_BT4_MoveStopMove-20221110T015023Z-001/Internship_BT4_MoveStopMove/GUI/FormMainMenu/Frame-Play_Home.png using Guid(94441927f6016d949b3de7ce0743f650) Importer(815301076,1909f56bfc062723c751e8b465ee728b)  -> (artifact id: '1fd5c9a80f78002f7e429a3841acbe05') in 0.046510 seconds 
Number of asset objects unloaded after import = 3
========================================================================
Received Import Request.
  Time since last request: 0.000028 seconds.
  path: Assets/_Game/Resources/Asset/Internship_BT4_MoveStopMove-20221110T015023Z-001/Internship_BT4_MoveStopMove/GUI/FormMainMenu/Frame#2_Rank.png
  artifactKey: Guid(97c9fffe0fa463943842e5057466acae) Importer(815301076,1909f56bfc062723c751e8b465ee728b)
Number of updated assets reloaded before import = 0
Start importing Assets/_Game/Resources/Asset/Internship_BT4_MoveStopMove-20221110T015023Z-001/Internship_BT4_MoveStopMove/GUI/FormMainMenu/Frame#2_Rank.png using Guid(97c9fffe0fa463943842e5057466acae) Importer(815301076,1909f56bfc062723c751e8b465ee728b)  -> (artifact id: '75cae1c4b3b467418cbfddc2ae01a7c6') in 0.031116 seconds 
Number of asset objects unloaded after import = 3
========================================================================
Received Import Request.
  Time since last request: 0.000041 seconds.
  path: Assets/_Game/Resources/Asset/Internship_BT4_MoveStopMove-20221110T015023Z-001/Internship_BT4_MoveStopMove/GUI/FormMainMenu/Ico-Skin_Home.png
  artifactKey: Guid(8d8ada3422c70d64ab91e8540db52cfa) Importer(815301076,1909f56bfc062723c751e8b465ee728b)
Number of updated assets reloaded before import = 0
Start importing Assets/_Game/Resources/Asset/Internship_BT4_MoveStopMove-20221110T015023Z-001/Internship_BT4_MoveStopMove/GUI/FormMainMenu/Ico-Skin_Home.png using Guid(8d8ada3422c70d64ab91e8540db52cfa) Importer(815301076,1909f56bfc062723c751e8b465ee728b)  -> (artifact id: 'cc73c8d26a8934d1ce70cadb17159ea9') in 0.027109 seconds 
Number of asset objects unloaded after import = 3
========================================================================
Received Import Request.
  Time since last request: 4.875375 seconds.
  path: Assets/_Game/Resources/Asset/Internship_BT4_MoveStopMove-20221110T015023Z-001/Internship_BT4_MoveStopMove/GUI/FormZombieCity/Fra-Remain_GamePlay.png
  artifactKey: Guid(d4fb246394a9a434b98bb7012099d182) Importer(815301076,1909f56bfc062723c751e8b465ee728b)
Number of updated assets reloaded before import = 0
Start importing Assets/_Game/Resources/Asset/Internship_BT4_MoveStopMove-20221110T015023Z-001/Internship_BT4_MoveStopMove/GUI/FormZombieCity/Fra-Remain_GamePlay.png using Guid(d4fb246394a9a434b98bb7012099d182) Importer(815301076,1909f56bfc062723c751e8b465ee728b)  -> (artifact id: '383dab5e74e3bb2c1ba09c42a43b5a98') in 0.034861 seconds 
Number of asset objects unloaded after import = 3
========================================================================
Received Import Request.
  Time since last request: 0.000025 seconds.
  path: Assets/_Game/Resources/Asset/Internship_BT4_MoveStopMove-20221110T015023Z-001/Internship_BT4_MoveStopMove/GUI/FormZombieCity/Icon_Zombie.png
  artifactKey: Guid(04db3d193395d894e82b7186ae72bbed) Importer(815301076,1909f56bfc062723c751e8b465ee728b)
Number of updated assets reloaded before import = 0
Start importing Assets/_Game/Resources/Asset/Internship_BT4_MoveStopMove-20221110T015023Z-001/Internship_BT4_MoveStopMove/GUI/FormZombieCity/Icon_Zombie.png using Guid(04db3d193395d894e82b7186ae72bbed) Importer(815301076,1909f56bfc062723c751e8b465ee728b)  -> (artifact id: '8345f0ecbb1d6736f422ee3745316ea1') in 0.055530 seconds 
Number of asset objects unloaded after import = 3
========================================================================
Received Import Request.
  Time since last request: 1.845987 seconds.
  path: Assets/_Game/Resources/Asset/Internship_BT4_MoveStopMove-20221110T015023Z-001/Internship_BT4_MoveStopMove/GUI/GamePlay/download.png
  artifactKey: Guid(55a2370c46191614eaccd06cc189f2b4) Importer(815301076,1909f56bfc062723c751e8b465ee728b)
Number of updated assets reloaded before import = 0
Start importing Assets/_Game/Resources/Asset/Internship_BT4_MoveStopMove-20221110T015023Z-001/Internship_BT4_MoveStopMove/GUI/GamePlay/download.png using Guid(55a2370c46191614eaccd06cc189f2b4) Importer(815301076,1909f56bfc062723c751e8b465ee728b)  -> (artifact id: 'ac0edc4fa5fd289572b0eeed54b3b55e') in 0.071646 seconds 
Number of asset objects unloaded after import = 3
========================================================================
Received Import Request.
  Time since last request: 0.000017 seconds.
  path: Assets/_Game/Resources/Asset/Internship_BT4_MoveStopMove-20221110T015023Z-001/Internship_BT4_MoveStopMove/GUI/GamePlay/Img-Set_Home.png
  artifactKey: Guid(a823feef4ea61284496c5b153e02e912) Importer(815301076,1909f56bfc062723c751e8b465ee728b)
Number of updated assets reloaded before import = 0
Start importing Assets/_Game/Resources/Asset/Internship_BT4_MoveStopMove-20221110T015023Z-001/Internship_BT4_MoveStopMove/GUI/GamePlay/Img-Set_Home.png using Guid(a823feef4ea61284496c5b153e02e912) Importer(815301076,1909f56bfc062723c751e8b465ee728b)  -> (artifact id: '011ef7cc17672355683e6fa4b7886d88') in 0.037448 seconds 
Number of asset objects unloaded after import = 3
========================================================================
Received Import Request.
  Time since last request: 12.885996 seconds.
  path: Assets/_Game/Resources/Asset/Internship_BT4_MoveStopMove-20221110T015023Z-001/Internship_BT4_MoveStopMove/GUI/List_Abilities/Img-BladeCircle_Ability.jpg
  artifactKey: Guid(56a23fc71b520734e9bbf911775b4058) Importer(815301076,1909f56bfc062723c751e8b465ee728b)
Number of updated assets reloaded before import = 0
Start importing Assets/_Game/Resources/Asset/Internship_BT4_MoveStopMove-20221110T015023Z-001/Internship_BT4_MoveStopMove/GUI/List_Abilities/Img-BladeCircle_Ability.jpg using Guid(56a23fc71b520734e9bbf911775b4058) Importer(815301076,1909f56bfc062723c751e8b465ee728b)  -> (artifact id: '4b3b2196a3fd23950e95e0bae03ef7ce') in 0.043493 seconds 
Number of asset objects unloaded after import = 3
========================================================================
Received Import Request.
  Time since last request: 0.000017 seconds.
  path: Assets/_Game/Resources/Asset/Internship_BT4_MoveStopMove-20221110T015023Z-001/Internship_BT4_MoveStopMove/GUI/List_Abilities/Img-Revive_Ability.jpg
  artifactKey: Guid(19007d027a073434b99d17c56b31f878) Importer(815301076,1909f56bfc062723c751e8b465ee728b)
Number of updated assets reloaded before import = 0
Start importing Assets/_Game/Resources/Asset/Internship_BT4_MoveStopMove-20221110T015023Z-001/Internship_BT4_MoveStopMove/GUI/List_Abilities/Img-Revive_Ability.jpg using Guid(19007d027a073434b99d17c56b31f878) Importer(815301076,1909f56bfc062723c751e8b465ee728b)  -> (artifact id: '882cccafb36ee0e3958bf42a55955be5') in 0.072281 seconds 
Number of asset objects unloaded after import = 3
========================================================================
Received Import Request.
  Time since last request: 0.000026 seconds.
  path: Assets/_Game/Resources/Asset/Internship_BT4_MoveStopMove-20221110T015023Z-001/Internship_BT4_MoveStopMove/GUI/List_Abilities/Img-Continuous_Ability.jpg
  artifactKey: Guid(2b57b2cecf5455645ae72889f430667c) Importer(815301076,1909f56bfc062723c751e8b465ee728b)
Number of updated assets reloaded before import = 0
Start importing Assets/_Game/Resources/Asset/Internship_BT4_MoveStopMove-20221110T015023Z-001/Internship_BT4_MoveStopMove/GUI/List_Abilities/Img-Continuous_Ability.jpg using Guid(2b57b2cecf5455645ae72889f430667c) Importer(815301076,1909f56bfc062723c751e8b465ee728b)  -> (artifact id: '9239915dbb398655050ecd942aa4e6fd') in 0.040534 seconds 
Number of asset objects unloaded after import = 3
========================================================================
Received Import Request.
  Time since last request: 0.000028 seconds.
  path: Assets/_Game/Resources/Asset/Internship_BT4_MoveStopMove-20221110T015023Z-001/Internship_BT4_MoveStopMove/GUI/List_Abilities/Img-MoveFast_Ability.jpg
  artifactKey: Guid(2953879533d7ac04cb60b53717ddbcfe) Importer(815301076,1909f56bfc062723c751e8b465ee728b)
Number of updated assets reloaded before import = 0
Start importing Assets/_Game/Resources/Asset/Internship_BT4_MoveStopMove-20221110T015023Z-001/Internship_BT4_MoveStopMove/GUI/List_Abilities/Img-MoveFast_Ability.jpg using Guid(2953879533d7ac04cb60b53717ddbcfe) Importer(815301076,1909f56bfc062723c751e8b465ee728b)  -> (artifact id: 'fd7c76d5c63c182757f9108cb1eb8f0b') in 0.031925 seconds 
Number of asset objects unloaded after import = 3
========================================================================
Received Import Request.
  Time since last request: 4.060883 seconds.
  path: Assets/_Game/Resources/Asset/Internship_BT4_MoveStopMove-20221110T015023Z-001/Internship_BT4_MoveStopMove/GUI/Loading/Img-Axe#2_Loading.png
  artifactKey: Guid(9528173fd9d6bf5459c42afe593e50a6) Importer(815301076,1909f56bfc062723c751e8b465ee728b)
Number of updated assets reloaded before import = 0
Start importing Assets/_Game/Resources/Asset/Internship_BT4_MoveStopMove-20221110T015023Z-001/Internship_BT4_MoveStopMove/GUI/Loading/Img-Axe#2_Loading.png using Guid(9528173fd9d6bf5459c42afe593e50a6) Importer(815301076,1909f56bfc062723c751e8b465ee728b)  -> (artifact id: 'cec6a9cfb10037084e1f5fc53f165139') in 0.074941 seconds 
Number of asset objects unloaded after import = 3
========================================================================
Received Import Request.
  Time since last request: 2.926493 seconds.
  path: Assets/_Game/Resources/Asset/Internship_BT4_MoveStopMove-20221110T015023Z-001/Internship_BT4_MoveStopMove/GUI/Popup_CharSkin/Frame-Equi_Skin.png
  artifactKey: Guid(a93cb21318b89b34a85e5d6a5c6bd1f3) Importer(815301076,1909f56bfc062723c751e8b465ee728b)
Number of updated assets reloaded before import = 0
Start importing Assets/_Game/Resources/Asset/Internship_BT4_MoveStopMove-20221110T015023Z-001/Internship_BT4_MoveStopMove/GUI/Popup_CharSkin/Frame-Equi_Skin.png using Guid(a93cb21318b89b34a85e5d6a5c6bd1f3) Importer(815301076,1909f56bfc062723c751e8b465ee728b)  -> (artifact id: 'd75ddb6fa85b3cc2b6a16c553f58e9c0') in 0.057218 seconds 
Number of asset objects unloaded after import = 3
========================================================================
Received Import Request.
  Time since last request: 0.000059 seconds.
  path: Assets/_Game/Resources/Asset/Internship_BT4_MoveStopMove-20221110T015023Z-001/Internship_BT4_MoveStopMove/GUI/Popup_CharSkin/Img-Skin_Shop.png
  artifactKey: Guid(1cc258795aa45f64e836593aab40d479) Importer(815301076,1909f56bfc062723c751e8b465ee728b)
Number of updated assets reloaded before import = 0
Start importing Assets/_Game/Resources/Asset/Internship_BT4_MoveStopMove-20221110T015023Z-001/Internship_BT4_MoveStopMove/GUI/Popup_CharSkin/Img-Skin_Shop.png using Guid(1cc258795aa45f64e836593aab40d479) Importer(815301076,1909f56bfc062723c751e8b465ee728b)  -> (artifact id: 'e23b41547793bb9a7bd60e551e408018') in 0.034422 seconds 
Number of asset objects unloaded after import = 3
========================================================================
Received Import Request.
  Time since last request: 5.856757 seconds.
  path: Assets/_Game/Resources/Asset/Internship_BT4_MoveStopMove-20221110T015023Z-001/Internship_BT4_MoveStopMove/GUI/Popup_EndGame/Fra-Process#2_Survival.png
  artifactKey: Guid(1b6472343941ac24fb785de19ee64078) Importer(815301076,1909f56bfc062723c751e8b465ee728b)
Number of updated assets reloaded before import = 0
Start importing Assets/_Game/Resources/Asset/Internship_BT4_MoveStopMove-20221110T015023Z-001/Internship_BT4_MoveStopMove/GUI/Popup_EndGame/Fra-Process#2_Survival.png using Guid(1b6472343941ac24fb785de19ee64078) Importer(815301076,1909f56bfc062723c751e8b465ee728b)  -> (artifact id: 'b2841543b6f9dc01024772f3eecf442b') in 0.037597 seconds 
Number of asset objects unloaded after import = 3
========================================================================
Received Import Request.
  Time since last request: 0.000018 seconds.
  path: Assets/_Game/Resources/Asset/Internship_BT4_MoveStopMove-20221110T015023Z-001/Internship_BT4_MoveStopMove/GUI/Popup_EndGame/Ico-Kitchen_Survival.png
  artifactKey: Guid(64cc9edebc6a34f4abdf3bc114b77c80) Importer(815301076,1909f56bfc062723c751e8b465ee728b)
Number of updated assets reloaded before import = 0
Start importing Assets/_Game/Resources/Asset/Internship_BT4_MoveStopMove-20221110T015023Z-001/Internship_BT4_MoveStopMove/GUI/Popup_EndGame/Ico-Kitchen_Survival.png using Guid(64cc9edebc6a34f4abdf3bc114b77c80) Importer(815301076,1909f56bfc062723c751e8b465ee728b)  -> (artifact id: '6f98e587ff644aea57be913f0abd0a5c') in 0.065971 seconds 
Number of asset objects unloaded after import = 3
========================================================================
Received Import Request.
  Time since last request: 0.000038 seconds.
  path: Assets/_Game/Resources/Asset/Internship_BT4_MoveStopMove-20221110T015023Z-001/Internship_BT4_MoveStopMove/GUI/Popup_EndGame/Ico-City_Survival.png
  artifactKey: Guid(760cff3a4883aed47b0425ddbbe4b0b6) Importer(815301076,1909f56bfc062723c751e8b465ee728b)
Number of updated assets reloaded before import = 0
Start importing Assets/_Game/Resources/Asset/Internship_BT4_MoveStopMove-20221110T015023Z-001/Internship_BT4_MoveStopMove/GUI/Popup_EndGame/Ico-City_Survival.png using Guid(760cff3a4883aed47b0425ddbbe4b0b6) Importer(815301076,1909f56bfc062723c751e8b465ee728b)  -> (artifact id: 'a4b18d114046849c9c7c859aaf5844d4') in 0.035458 seconds 
Number of asset objects unloaded after import = 3
========================================================================
Received Import Request.
  Time since last request: 4.275381 seconds.
  path: Assets/_Game/Resources/Asset/Internship_BT4_MoveStopMove-20221110T015023Z-001/Internship_BT4_MoveStopMove/GUI/Popup_EndGame/Classic/Img-Tittle_TimeOut.png
  artifactKey: Guid(c6b1287c26836ce408a59fbe3947d354) Importer(815301076,1909f56bfc062723c751e8b465ee728b)
Number of updated assets reloaded before import = 0
Start importing Assets/_Game/Resources/Asset/Internship_BT4_MoveStopMove-20221110T015023Z-001/Internship_BT4_MoveStopMove/GUI/Popup_EndGame/Classic/Img-Tittle_TimeOut.png using Guid(c6b1287c26836ce408a59fbe3947d354) Importer(815301076,1909f56bfc062723c751e8b465ee728b)  -> (artifact id: '7ab43d4c786e811455606278c7be52d3') in 0.084100 seconds 
Number of asset objects unloaded after import = 3
========================================================================
Received Import Request.
  Time since last request: 0.800316 seconds.
  path: Assets/_Game/Resources/Asset/Internship_BT4_MoveStopMove-20221110T015023Z-001/Internship_BT4_MoveStopMove/GUI/Popup_EndGame/Zombie/Fra-Day_Lose.png
  artifactKey: Guid(d4642437938dd024ca0df8f1f95e62d5) Importer(815301076,1909f56bfc062723c751e8b465ee728b)
Number of updated assets reloaded before import = 0
Start importing Assets/_Game/Resources/Asset/Internship_BT4_MoveStopMove-20221110T015023Z-001/Internship_BT4_MoveStopMove/GUI/Popup_EndGame/Zombie/Fra-Day_Lose.png using Guid(d4642437938dd024ca0df8f1f95e62d5) Importer(815301076,1909f56bfc062723c751e8b465ee728b)  -> (artifact id: 'c2d10f7d38027e9c38a018fe79ae631a') in 0.073803 seconds 
Number of asset objects unloaded after import = 3
========================================================================
Received Import Request.
  Time since last request: 0.000017 seconds.
  path: Assets/_Game/Resources/Asset/Internship_BT4_MoveStopMove-20221110T015023Z-001/Internship_BT4_MoveStopMove/GUI/Popup_EndGame/Zombie/Fra-Day_Victory2.png
  artifactKey: Guid(7c2a59f51cefc7d4bbfa8e5f665f1ae9) Importer(815301076,1909f56bfc062723c751e8b465ee728b)
Number of updated assets reloaded before import = 0
Start importing Assets/_Game/Resources/Asset/Internship_BT4_MoveStopMove-20221110T015023Z-001/Internship_BT4_MoveStopMove/GUI/Popup_EndGame/Zombie/Fra-Day_Victory2.png using Guid(7c2a59f51cefc7d4bbfa8e5f665f1ae9) Importer(815301076,1909f56bfc062723c751e8b465ee728b)  -> (artifact id: 'e59df69502f46a97734a0365935e98ff') in 0.031349 seconds 
Number of asset objects unloaded after import = 3
========================================================================
Received Import Request.
  Time since last request: 1.627528 seconds.
  path: Assets/_Game/Resources/Asset/Internship_BT4_MoveStopMove-20221110T015023Z-001/Internship_BT4_MoveStopMove/GUI/Popup_Offer/Img-Light_Offer.png
  artifactKey: Guid(46908697d85db22489ec9cc1dc1b45c6) Importer(815301076,1909f56bfc062723c751e8b465ee728b)
Number of updated assets reloaded before import = 0
Start importing Assets/_Game/Resources/Asset/Internship_BT4_MoveStopMove-20221110T015023Z-001/Internship_BT4_MoveStopMove/GUI/Popup_Offer/Img-Light_Offer.png using Guid(46908697d85db22489ec9cc1dc1b45c6) Importer(815301076,1909f56bfc062723c751e8b465ee728b)  -> (artifact id: 'd968c33f43f2a37227d47807cc575c9f') in 0.076784 seconds 
Number of asset objects unloaded after import = 3
========================================================================
Received Import Request.
  Time since last request: 4.443445 seconds.
  path: Assets/_Game/Resources/Asset/Internship_BT4_MoveStopMove-20221110T015023Z-001/Internship_BT4_MoveStopMove/GUI/Popup_Pause/But-Onf_Pause.png
  artifactKey: Guid(91db99148a57cc2458302c7f30ed1a43) Importer(815301076,1909f56bfc062723c751e8b465ee728b)
Number of updated assets reloaded before import = 0
Start importing Assets/_Game/Resources/Asset/Internship_BT4_MoveStopMove-20221110T015023Z-001/Internship_BT4_MoveStopMove/GUI/Popup_Pause/But-Onf_Pause.png using Guid(91db99148a57cc2458302c7f30ed1a43) Importer(815301076,1909f56bfc062723c751e8b465ee728b)  -> (artifact id: 'b1c812fa5a63d18d80cf0952e2e2d9e1') in 0.034184 seconds 
Number of asset objects unloaded after import = 3
========================================================================
Received Import Request.
  Time since last request: 1.357583 seconds.
  path: Assets/_Game/Resources/Asset/Internship_BT4_MoveStopMove-20221110T015023Z-001/Internship_BT4_MoveStopMove/GUI/Popup_Rate/Ico-Star_Rate.png
  artifactKey: Guid(d1b1fe8cc7cb16c4aa82b31764ca865f) Importer(815301076,1909f56bfc062723c751e8b465ee728b)
Number of updated assets reloaded before import = 0
Start importing Assets/_Game/Resources/Asset/Internship_BT4_MoveStopMove-20221110T015023Z-001/Internship_BT4_MoveStopMove/GUI/Popup_Rate/Ico-Star_Rate.png using Guid(d1b1fe8cc7cb16c4aa82b31764ca865f) Importer(815301076,1909f56bfc062723c751e8b465ee728b)  -> (artifact id: '1331a69df3170b347a6f0a9be58065e3') in 0.031367 seconds 
Number of asset objects unloaded after import = 3
========================================================================
Received Import Request.
  Time since last request: 1.615656 seconds.
  path: Assets/_Game/Resources/Asset/Internship_BT4_MoveStopMove-20221110T015023Z-001/Internship_BT4_MoveStopMove/GUI/Popup_Shop/Frame-#3_Shop.png
  artifactKey: Guid(290255b2e6e01d048a89b3c283f69fbc) Importer(815301076,1909f56bfc062723c751e8b465ee728b)
Number of updated assets reloaded before import = 0
Start importing Assets/_Game/Resources/Asset/Internship_BT4_MoveStopMove-20221110T015023Z-001/Internship_BT4_MoveStopMove/GUI/Popup_Shop/Frame-#3_Shop.png using Guid(290255b2e6e01d048a89b3c283f69fbc) Importer(815301076,1909f56bfc062723c751e8b465ee728b)  -> (artifact id: '35ec7e786ff29922547c9d8e1792647e') in 0.069000 seconds 
Number of asset objects unloaded after import = 3
========================================================================
Received Import Request.
  Time since last request: 0.505244 seconds.
  path: Assets/_Game/Resources/Asset/Internship_BT4_MoveStopMove-20221110T015023Z-001/Internship_BT4_MoveStopMove/GUI/Popup_Revive/Shape-63-copy.png
  artifactKey: Guid(ba5e5ad85f7d9ed4e93761e255a87eb3) Importer(815301076,1909f56bfc062723c751e8b465ee728b)
Number of updated assets reloaded before import = 0
Start importing Assets/_Game/Resources/Asset/Internship_BT4_MoveStopMove-20221110T015023Z-001/Internship_BT4_MoveStopMove/GUI/Popup_Revive/Shape-63-copy.png using Guid(ba5e5ad85f7d9ed4e93761e255a87eb3) Importer(815301076,1909f56bfc062723c751e8b465ee728b)  -> (artifact id: 'd3e1eef594722913267b03e155483f66') in 0.034578 seconds 
Number of asset objects unloaded after import = 3
========================================================================
Received Import Request.
  Time since last request: 3.729496 seconds.
  path: Assets/_Game/Resources/Asset/Internship_BT4_MoveStopMove-20221110T015023Z-001/Internship_BT4_MoveStopMove/GUI/Share/Capture Shot.renderTexture
  artifactKey: Guid(0a97bb8a36cc13f4fa9e1464b242709a) Importer(815301076,1909f56bfc062723c751e8b465ee728b)
Number of updated assets reloaded before import = 0
Start importing Assets/_Game/Resources/Asset/Internship_BT4_MoveStopMove-20221110T015023Z-001/Internship_BT4_MoveStopMove/GUI/Share/Capture Shot.renderTexture using Guid(0a97bb8a36cc13f4fa9e1464b242709a) Importer(815301076,1909f56bfc062723c751e8b465ee728b)  -> (artifact id: 'c4d8414ec20a4b3677ebc1419f559643') in 0.061876 seconds 
Number of asset objects unloaded after import = 2
========================================================================
Received Import Request.
  Time since last request: 3.911640 seconds.
  path: Assets/_Game/Resources/Asset/Internship_BT4_MoveStopMove-20221110T015023Z-001/Internship_BT4_MoveStopMove/Sound/Button Click2.wav
  artifactKey: Guid(a18134944d03bdd45ae63dc94f834396) Importer(815301076,1909f56bfc062723c751e8b465ee728b)
Number of updated assets reloaded before import = 0
Start importing Assets/_Game/Resources/Asset/Internship_BT4_MoveStopMove-20221110T015023Z-001/Internship_BT4_MoveStopMove/Sound/Button Click2.wav using Guid(a18134944d03bdd45ae63dc94f834396) Importer(815301076,1909f56bfc062723c751e8b465ee728b)  -> (artifact id: 'c9facd907f14c93f15e853add9752b96') in 0.038404 seconds 
Number of asset objects unloaded after import = 2
========================================================================
Received Import Request.
  Time since last request: 0.000018 seconds.
  path: Assets/_Game/Resources/Asset/Internship_BT4_MoveStopMove-20221110T015023Z-001/Internship_BT4_MoveStopMove/Sound/stickman_die.mp3
  artifactKey: Guid(919de2e922c8eac4e8146fd9a08c08c7) Importer(815301076,1909f56bfc062723c751e8b465ee728b)
Number of updated assets reloaded before import = 0
Start importing Assets/_Game/Resources/Asset/Internship_BT4_MoveStopMove-20221110T015023Z-001/Internship_BT4_MoveStopMove/Sound/stickman_die.mp3 using Guid(919de2e922c8eac4e8146fd9a08c08c7) Importer(815301076,1909f56bfc062723c751e8b465ee728b)  -> (artifact id: '3a5d43dcafae272525e1f9c1fd6a73cc') in 0.020467 seconds 
Number of asset objects unloaded after import = 2
========================================================================
Received Import Request.
  Time since last request: 0.000020 seconds.
  path: Assets/_Game/Resources/Asset/Internship_BT4_MoveStopMove-20221110T015023Z-001/Internship_BT4_MoveStopMove/Sound/Lose.wav
  artifactKey: Guid(b0ecab52e9a553142a999ebe0df5bfa6) Importer(815301076,1909f56bfc062723c751e8b465ee728b)
Number of updated assets reloaded before import = 0
Start importing Assets/_Game/Resources/Asset/Internship_BT4_MoveStopMove-20221110T015023Z-001/Internship_BT4_MoveStopMove/Sound/Lose.wav using Guid(b0ecab52e9a553142a999ebe0df5bfa6) Importer(815301076,1909f56bfc062723c751e8b465ee728b)  -> (artifact id: 'c898455405ba633444c67a3ba5bfbc97') in 0.019734 seconds 
Number of asset objects unloaded after import = 2
Editor requested this worker to shutdown with reason: Scaling down because of idle timeout
AssetImportWorker is now disconnected from the server
Process exiting
Exiting without the bug reporter. Application will terminate with return code 0