Using pre-set license
Built from '2021.3/staging' branch; Version is '2021.3.32f1 (3b9dae9532f5) revision 3906990'; Using compiler version '192829333'; Build Type 'Release'
OS: 'Windows 10  (10.0.19045) 64bit CoreSingleLanguage' Language: 'en' Physical Memory: 16219 MB
BatchMode: 1, IsHumanControllingUs: 0, StartBugReporterOnCrash: 0, Is64bit: 1, IsPro: 1

COMMAND LINE ARGUMENTS:
C:\Program Files\Unity 2021.3.32f1\Editor\Unity.exe
-adb2
-batchMode
-noUpm
-name
AssetImportWorker6
-projectPath
C:/Users/Laptop cua Phuc/MoveStopMove_NBP
-logFile
Logs/AssetImportWorker6.log
-srvPort
63325
Successfully changed project path to: C:/Users/Laptop cua Phuc/MoveStopMove_NBP
C:/Users/Laptop cua Phuc/MoveStopMove_NBP
[UnityMemory] Configuration Parameters - Can be set up in boot.config
    "memorysetup-bucket-allocator-granularity=16"
    "memorysetup-bucket-allocator-bucket-count=8"
    "memorysetup-bucket-allocator-block-size=33554432"
    "memorysetup-bucket-allocator-block-count=8"
    "memorysetup-main-allocator-block-size=16777216"
    "memorysetup-thread-allocator-block-size=16777216"
    "memorysetup-gfx-main-allocator-block-size=16777216"
    "memorysetup-gfx-thread-allocator-block-size=16777216"
    "memorysetup-cache-allocator-block-size=4194304"
    "memorysetup-typetree-allocator-block-size=2097152"
    "memorysetup-profiler-bucket-allocator-granularity=16"
    "memorysetup-profiler-bucket-allocator-bucket-count=8"
    "memorysetup-profiler-bucket-allocator-block-size=33554432"
    "memorysetup-profiler-bucket-allocator-block-count=8"
    "memorysetup-profiler-allocator-block-size=16777216"
    "memorysetup-profiler-editor-allocator-block-size=1048576"
    "memorysetup-temp-allocator-size-main=16777216"
    "memorysetup-job-temp-allocator-block-size=2097152"
    "memorysetup-job-temp-allocator-block-size-background=1048576"
    "memorysetup-job-temp-allocator-reduction-small-platforms=262144"
    "memorysetup-temp-allocator-size-background-worker=32768"
    "memorysetup-temp-allocator-size-job-worker=262144"
    "memorysetup-temp-allocator-size-preload-manager=33554432"
    "memorysetup-temp-allocator-size-nav-mesh-worker=65536"
    "memorysetup-temp-allocator-size-audio-worker=65536"
    "memorysetup-temp-allocator-size-cloud-worker=32768"
    "memorysetup-temp-allocator-size-gi-baking-worker=262144"
    "memorysetup-temp-allocator-size-gfx=262144"
Player connection [27680] Host "[IP] 192.168.0.1 [Port] 0 [Flags] 2 [Guid] 611421471 [EditorId] 611421471 [Version] 1048832 [Id] WindowsEditor(7,LAPTOP-6POE2SJS) [Debug] 1 [PackageName] WindowsEditor [ProjectName] Editor" joined multi-casting on [225.0.0.222:54997]...

Player connection [27680] Host "[IP] 192.168.0.1 [Port] 0 [Flags] 2 [Guid] 611421471 [EditorId] 611421471 [Version] 1048832 [Id] WindowsEditor(7,LAPTOP-6POE2SJS) [Debug] 1 [PackageName] WindowsEditor [ProjectName] Editor" joined alternative multi-casting on [225.0.0.222:34997]...

[Physics::Module] Initialized MultithreadedJobDispatcher with {0} workers.
Refreshing native plugins compatible for Editor in 93.19 ms, found 3 plugins.
Preloading 0 native plugins for Editor in 0.00 ms.
Initialize engine version: 2021.3.32f1 (3b9dae9532f5)
[Subsystems] Discovering subsystems at path C:/Program Files/Unity 2021.3.32f1/Editor/Data/Resources/UnitySubsystems
[Subsystems] Discovering subsystems at path C:/Users/Laptop cua Phuc/MoveStopMove_NBP/Assets
GfxDevice: creating device client; threaded=0; jobified=0
Direct3D:
    Version:  Direct3D 11.0 [level 11.1]
    Renderer: NVIDIA GeForce GTX 1650 Ti (ID=0x1f95)
    Vendor:   NVIDIA
    VRAM:     3962 MB
    Driver:   31.0.15.1691
Initialize mono
Mono path[0] = 'C:/Program Files/Unity 2021.3.32f1/Editor/Data/Managed'
Mono path[1] = 'C:/Program Files/Unity 2021.3.32f1/Editor/Data/MonoBleedingEdge/lib/mono/unityjit-win32'
Mono config path = 'C:/Program Files/Unity 2021.3.32f1/Editor/Data/MonoBleedingEdge/etc'
Using monoOptions --debugger-agent=transport=dt_socket,embedding=1,server=y,suspend=n,address=127.0.0.1:56532
Begin MonoManager ReloadAssembly
Registering precompiled unity dll's ...
Register platform support module: C:/Program Files/Unity 2021.3.32f1/Editor/Data/PlaybackEngines/WindowsStandaloneSupport/UnityEditor.WindowsStandalone.Extensions.dll
Registered in 0.008056 seconds.
Native extension for WindowsStandalone target not found
Refreshing native plugins compatible for Editor in 79.95 ms, found 3 plugins.
Preloading 0 native plugins for Editor in 0.00 ms.
Mono: successfully reloaded assembly
- Completed reload, in  0.655 seconds
Domain Reload Profiling:
	ReloadAssembly (656ms)
		BeginReloadAssembly (102ms)
			ExecutionOrderSort (0ms)
			DisableScriptedObjects (0ms)
			BackupInstance (0ms)
			ReleaseScriptingObjects (0ms)
			CreateAndSetChildDomain (1ms)
		EndReloadAssembly (448ms)
			LoadAssemblies (98ms)
			RebuildTransferFunctionScriptingTraits (0ms)
			SetupTypeCache (107ms)
			ReleaseScriptCaches (0ms)
			RebuildScriptCaches (29ms)
			SetupLoadedEditorAssemblies (269ms)
				LogAssemblyErrors (0ms)
				InitializePlatformSupportModulesInManaged (7ms)
				SetLoadedEditorAssemblies (0ms)
				RefreshPlugins (80ms)
				BeforeProcessingInitializeOnLoad (2ms)
				ProcessInitializeOnLoadAttributes (124ms)
				ProcessInitializeOnLoadMethodAttributes (55ms)
				AfterProcessingInitializeOnLoad (0ms)
				EditorAssembliesLoaded (0ms)
			ExecutionOrderSort2 (0ms)
			AwakeInstancesAfterBackupRestoration (0ms)
Platform modules already initialized, skipping
Registering precompiled user dll's ...
Registered in 0.015182 seconds.
Begin MonoManager ReloadAssembly
Native extension for WindowsStandalone target not found
Refreshing native plugins compatible for Editor in 0.71 ms, found 3 plugins.
Preloading 0 native plugins for Editor in 0.00 ms.
Package Manager log level set to [2]
[Package Manager] Server::EnsureServerProcessIsRunning -- launch failed, reason: Unity was launched with the -noUpm command-line argument
[Package Manager] Cannot connect to Unity Package Manager local server
Mono: successfully reloaded assembly
- Completed reload, in  1.824 seconds
Domain Reload Profiling:
	ReloadAssembly (1825ms)
		BeginReloadAssembly (180ms)
			ExecutionOrderSort (0ms)
			DisableScriptedObjects (6ms)
			BackupInstance (0ms)
			ReleaseScriptingObjects (0ms)
			CreateAndSetChildDomain (18ms)
		EndReloadAssembly (1522ms)
			LoadAssemblies (156ms)
			RebuildTransferFunctionScriptingTraits (0ms)
			SetupTypeCache (298ms)
			ReleaseScriptCaches (1ms)
			RebuildScriptCaches (55ms)
			SetupLoadedEditorAssemblies (1032ms)
				LogAssemblyErrors (0ms)
				InitializePlatformSupportModulesInManaged (5ms)
				SetLoadedEditorAssemblies (0ms)
				RefreshPlugins (1ms)
				BeforeProcessingInitializeOnLoad (92ms)
				ProcessInitializeOnLoadAttributes (897ms)
				ProcessInitializeOnLoadMethodAttributes (24ms)
				AfterProcessingInitializeOnLoad (12ms)
				EditorAssembliesLoaded (0ms)
			ExecutionOrderSort2 (0ms)
			AwakeInstancesAfterBackupRestoration (9ms)
Platform modules already initialized, skipping
========================================================================
Worker process is ready to serve import requests
Launched and connected shader compiler UnityShaderCompiler.exe after 0.04 seconds
Refreshing native plugins compatible for Editor in 0.77 ms, found 3 plugins.
Preloading 0 native plugins for Editor in 0.00 ms.
Unloading 3348 Unused Serialized files (Serialized files now loaded: 0)
Unloading 48 unused Assets / (119.3 KB). Loaded Objects now: 3798.
Memory consumption went from 120.1 MB to 120.0 MB.
Total: 4.599600 ms (FindLiveObjects: 0.525600 ms CreateObjectMapping: 0.547200 ms MarkObjects: 3.406500 ms  DeleteObjects: 0.119200 ms)

AssetImportParameters requested are different than current active one (requested -> active):
  custom:video-decoder-ogg-theora: a1e56fd34408186e4bbccfd4996cb3dc -> 
  custom:container-muxer-webm: aa71ff27fc2769a1b78a27578f13a17b -> 
  custom:container-demuxer-webm: 4f35f7cbe854078d1ac9338744f61a02 -> 
  custom:video-encoder-webm-vp8: eb34c28f22e8b96e1ab97ce403110664 -> 
  custom:video-codec-MediaFoundation-h265: 746d11721c4dcdbdad8f713fa42b33f4 -> 
  custom:CustomObjectIndexerAttribute: bc11b3a6c3213fcdd17b65e7da85e133 -> 
  custom:audio-encoder-webm-vorbis: bf7c407c2cedff20999df2af8eb42d56 -> 
  custom:framework-win-MediaFoundation: 216162199b28c13a410421893ffa2e32 -> 
  custom:SearchIndexIgnoredProperties: e643bd26f0fe6173181afceb89e7c659 -> 
  custom:container-demuxer-ogg: 62fdf1f143b41e24485cea50d1cbac27 -> 
  custom:video-decoder-webm-vp8: 9c59270c3fd7afecdb556c50c9e8de78 -> 
  custom:audio-decoder-ogg-vorbis: bf7c407c2cedff20999df2af8eb42d56 -> 
========================================================================
Received Import Request.
  Time since last request: 164139.748926 seconds.
  path: Assets/_Game/ScriptableObjects/Hat/HatType/Arrow.asset
  artifactKey: Guid(6bb4fd30fd2b1d94282426ad4e1136e4) Importer(815301076,1909f56bfc062723c751e8b465ee728b)
Number of updated assets reloaded before import = 0
Start importing Assets/_Game/ScriptableObjects/Hat/HatType/Arrow.asset using Guid(6bb4fd30fd2b1d94282426ad4e1136e4) Importer(815301076,1909f56bfc062723c751e8b465ee728b)  -> (artifact id: '3bb79df7607e5caf7a0feb5ff64d8374') in 0.027523 seconds 
Number of asset objects unloaded after import = 1
========================================================================
Received Import Request.
  Time since last request: 2.437505 seconds.
  path: Assets/_Game/ScriptableObjects/Hat/HatType/Arrow 1.asset
  artifactKey: Guid(046bd8c1bec1d4b48a19744755bf68ee) Importer(815301076,1909f56bfc062723c751e8b465ee728b)
Number of updated assets reloaded before import = 0
Start importing Assets/_Game/ScriptableObjects/Hat/HatType/Arrow 1.asset using Guid(046bd8c1bec1d4b48a19744755bf68ee) Importer(815301076,1909f56bfc062723c751e8b465ee728b)  -> (artifact id: 'c14719a10c9a8b6dd40142eebcf95cf0') in 0.009747 seconds 
Number of asset objects unloaded after import = 1
========================================================================
Received Import Request.
  Time since last request: 12.616128 seconds.
  path: Assets/_Game/ScriptableObjects/Hat/HatType/Cowboy.asset
  artifactKey: Guid(6bb4fd30fd2b1d94282426ad4e1136e4) Importer(815301076,1909f56bfc062723c751e8b465ee728b)
Number of updated assets reloaded before import = 0
Start importing Assets/_Game/ScriptableObjects/Hat/HatType/Cowboy.asset using Guid(6bb4fd30fd2b1d94282426ad4e1136e4) Importer(815301076,1909f56bfc062723c751e8b465ee728b)  -> (artifact id: '7eda437e68b2a58a4a79b8b39779f79f') in 0.010328 seconds 
Number of asset objects unloaded after import = 1
========================================================================
Received Import Request.
  Time since last request: 0.992496 seconds.
  path: Assets/_Game/ScriptableObjects/Hat/HatType/Cowboy 1.asset
  artifactKey: Guid(e4f5b860149277b4bae1b94c2b29906d) Importer(815301076,1909f56bfc062723c751e8b465ee728b)
Number of updated assets reloaded before import = 0
Start importing Assets/_Game/ScriptableObjects/Hat/HatType/Cowboy 1.asset using Guid(e4f5b860149277b4bae1b94c2b29906d) Importer(815301076,1909f56bfc062723c751e8b465ee728b)  -> (artifact id: '754e89e2b0814ace4244014ddfae15a2') in 0.009274 seconds 
Number of asset objects unloaded after import = 1
========================================================================
Received Import Request.
  Time since last request: 5.469913 seconds.
  path: Assets/_Game/ScriptableObjects/Hat/HatType/Crown.asset
  artifactKey: Guid(e4f5b860149277b4bae1b94c2b29906d) Importer(815301076,1909f56bfc062723c751e8b465ee728b)
Number of updated assets reloaded before import = 0
Start importing Assets/_Game/ScriptableObjects/Hat/HatType/Crown.asset using Guid(e4f5b860149277b4bae1b94c2b29906d) Importer(815301076,1909f56bfc062723c751e8b465ee728b)  -> (artifact id: '6aba5e37ae3f4f23b8bdfec33d8b3451') in 0.003372 seconds 
Number of asset objects unloaded after import = 1
========================================================================
Received Import Request.
  Time since last request: 7.085136 seconds.
  path: Assets/_Game/ScriptableObjects/Hat/HatType/Arrow.asset
  artifactKey: Guid(046bd8c1bec1d4b48a19744755bf68ee) Importer(815301076,1909f56bfc062723c751e8b465ee728b)
Number of updated assets reloaded before import = 0
Start importing Assets/_Game/ScriptableObjects/Hat/HatType/Arrow.asset using Guid(046bd8c1bec1d4b48a19744755bf68ee) Importer(815301076,1909f56bfc062723c751e8b465ee728b)  -> (artifact id: 'd307a0331901c658afd5172073e4cf9b') in 0.003808 seconds 
Number of asset objects unloaded after import = 1
========================================================================
Received Import Request.
  Time since last request: 6.661414 seconds.
  path: Assets/_Game/ScriptableObjects/Hat/HatType/Ear.asset
  artifactKey: Guid(1322f9d6f8d431144b01c66e6dcbacad) Importer(815301076,1909f56bfc062723c751e8b465ee728b)
Number of updated assets reloaded before import = 0
Start importing Assets/_Game/ScriptableObjects/Hat/HatType/Ear.asset using Guid(1322f9d6f8d431144b01c66e6dcbacad) Importer(815301076,1909f56bfc062723c751e8b465ee728b)  -> (artifact id: '2829c6e11501c78b8e1088e07ba9c664') in 0.004091 seconds 
Number of asset objects unloaded after import = 1
========================================================================
Received Import Request.
  Time since last request: 5.353860 seconds.
  path: Assets/_Game/ScriptableObjects/Hat/HatType/Hat.asset
  artifactKey: Guid(271f338bcd469c7469316938b75b09cb) Importer(815301076,1909f56bfc062723c751e8b465ee728b)
Number of updated assets reloaded before import = 0
Start importing Assets/_Game/ScriptableObjects/Hat/HatType/Hat.asset using Guid(271f338bcd469c7469316938b75b09cb) Importer(815301076,1909f56bfc062723c751e8b465ee728b)  -> (artifact id: '5d2673f51e808e3e9273fc0235766b3e') in 0.003445 seconds 
Number of asset objects unloaded after import = 1
========================================================================
Received Import Request.
  Time since last request: 8.537950 seconds.
  path: Assets/_Game/ScriptableObjects/Hat/HatType/Hat_Cap.asset
  artifactKey: Guid(666295f9c257bde498aa3c47858be0d3) Importer(815301076,1909f56bfc062723c751e8b465ee728b)
Number of updated assets reloaded before import = 0
Start importing Assets/_Game/ScriptableObjects/Hat/HatType/Hat_Cap.asset using Guid(666295f9c257bde498aa3c47858be0d3) Importer(815301076,1909f56bfc062723c751e8b465ee728b)  -> (artifact id: 'a933d3d5ff9d6f8e7ac9f470b6a1de40') in 0.003257 seconds 
Number of asset objects unloaded after import = 1
========================================================================
Received Import Request.
  Time since last request: 7.056463 seconds.
  path: Assets/_Game/ScriptableObjects/Hat/HatType/Hat_yellow.asset
  artifactKey: Guid(5584bbdc181515e47add86d229bbe75b) Importer(815301076,1909f56bfc062723c751e8b465ee728b)
Number of updated assets reloaded before import = 0
Start importing Assets/_Game/ScriptableObjects/Hat/HatType/Hat_yellow.asset using Guid(5584bbdc181515e47add86d229bbe75b) Importer(815301076,1909f56bfc062723c751e8b465ee728b)  -> (artifact id: '2a235ec8b643b6c137bc8d0f0ba4b042') in 0.010227 seconds 
Number of asset objects unloaded after import = 1
========================================================================
Received Import Request.
  Time since last request: 5.361324 seconds.
  path: Assets/_Game/ScriptableObjects/Hat/HatType/Hat_Yellow.asset
  artifactKey: Guid(5584bbdc181515e47add86d229bbe75b) Importer(815301076,1909f56bfc062723c751e8b465ee728b)
Number of updated assets reloaded before import = 0
Start importing Assets/_Game/ScriptableObjects/Hat/HatType/Hat_Yellow.asset using Guid(5584bbdc181515e47add86d229bbe75b) Importer(815301076,1909f56bfc062723c751e8b465ee728b)  -> (artifact id: 'a5fbe680dd14b34f0c7554d4dc19272a') in 0.011274 seconds 
Number of asset objects unloaded after import = 1
========================================================================
Received Prepare
Registering precompiled user dll's ...
Registered in 0.011860 seconds.
Begin MonoManager ReloadAssembly
Native extension for WindowsStandalone target not found
Refreshing native plugins compatible for Editor in 0.72 ms, found 3 plugins.
Preloading 0 native plugins for Editor in 0.00 ms.
[Package Manager] Server::EnsureServerProcessIsRunning -- launch failed, reason: Unity was launched with the -noUpm command-line argument
[Package Manager] Cannot connect to Unity Package Manager local server
Mono: successfully reloaded assembly
- Completed reload, in  1.785 seconds
Domain Reload Profiling:
	ReloadAssembly (1786ms)
		BeginReloadAssembly (168ms)
			ExecutionOrderSort (0ms)
			DisableScriptedObjects (7ms)
			BackupInstance (0ms)
			ReleaseScriptingObjects (0ms)
			CreateAndSetChildDomain (36ms)
		EndReloadAssembly (1523ms)
			LoadAssemblies (121ms)
			RebuildTransferFunctionScriptingTraits (0ms)
			SetupTypeCache (294ms)
			ReleaseScriptCaches (1ms)
			RebuildScriptCaches (46ms)
			SetupLoadedEditorAssemblies (1053ms)
				LogAssemblyErrors (0ms)
				InitializePlatformSupportModulesInManaged (8ms)
				SetLoadedEditorAssemblies (0ms)
				RefreshPlugins (1ms)
				BeforeProcessingInitializeOnLoad (79ms)
				ProcessInitializeOnLoadAttributes (929ms)
				ProcessInitializeOnLoadMethodAttributes (25ms)
				AfterProcessingInitializeOnLoad (11ms)
				EditorAssembliesLoaded (0ms)
			ExecutionOrderSort2 (0ms)
			AwakeInstancesAfterBackupRestoration (7ms)
Platform modules already initialized, skipping
Refreshing native plugins compatible for Editor in 0.76 ms, found 3 plugins.
Preloading 0 native plugins for Editor in 0.00 ms.
Unloading 3341 Unused Serialized files (Serialized files now loaded: 0)
Unloading 31 unused Assets / (93.6 KB). Loaded Objects now: 3815.
Memory consumption went from 119.7 MB to 119.6 MB.
Total: 3.457600 ms (FindLiveObjects: 0.249700 ms CreateObjectMapping: 0.184600 ms MarkObjects: 2.988700 ms  DeleteObjects: 0.033900 ms)

AssetImportParameters requested are different than current active one (requested -> active):
  custom:video-decoder-ogg-theora: a1e56fd34408186e4bbccfd4996cb3dc -> 
  custom:container-muxer-webm: aa71ff27fc2769a1b78a27578f13a17b -> 
  custom:container-demuxer-webm: 4f35f7cbe854078d1ac9338744f61a02 -> 
  custom:video-encoder-webm-vp8: eb34c28f22e8b96e1ab97ce403110664 -> 
  custom:video-codec-MediaFoundation-h265: 746d11721c4dcdbdad8f713fa42b33f4 -> 
  custom:CustomObjectIndexerAttribute: bc11b3a6c3213fcdd17b65e7da85e133 -> 
  custom:audio-encoder-webm-vorbis: bf7c407c2cedff20999df2af8eb42d56 -> 
  custom:framework-win-MediaFoundation: 216162199b28c13a410421893ffa2e32 -> 
  custom:SearchIndexIgnoredProperties: e643bd26f0fe6173181afceb89e7c659 -> 
  custom:container-demuxer-ogg: 62fdf1f143b41e24485cea50d1cbac27 -> 
  custom:video-decoder-webm-vp8: 9c59270c3fd7afecdb556c50c9e8de78 -> 
  custom:audio-decoder-ogg-vorbis: bf7c407c2cedff20999df2af8eb42d56 -> 
========================================================================
Received Import Request.
  Time since last request: 27.391426 seconds.
  path: Assets/_Game/ScriptableObjects/Hat/HatType/Headphone.asset
  artifactKey: Guid(3ef3f23d384c744478d09ca98a323f54) Importer(815301076,1909f56bfc062723c751e8b465ee728b)
Number of updated assets reloaded before import = 0
Start importing Assets/_Game/ScriptableObjects/Hat/HatType/Headphone.asset using Guid(3ef3f23d384c744478d09ca98a323f54) Importer(815301076,1909f56bfc062723c751e8b465ee728b)  -> (artifact id: '8e75e50c98c54e9f61f9ab461d7e7af7') in 0.024287 seconds 
Number of asset objects unloaded after import = 1
========================================================================
Received Import Request.
  Time since last request: 6.461781 seconds.
  path: Assets/_Game/ScriptableObjects/Hat/HatType/Horn.asset
  artifactKey: Guid(c7d4dea5f60d81142afcc10eb2e95361) Importer(815301076,1909f56bfc062723c751e8b465ee728b)
Number of updated assets reloaded before import = 0
Start importing Assets/_Game/ScriptableObjects/Hat/HatType/Horn.asset using Guid(c7d4dea5f60d81142afcc10eb2e95361) Importer(815301076,1909f56bfc062723c751e8b465ee728b)  -> (artifact id: '73aa687145ff30c50c8e97905f71a469') in 0.003981 seconds 
Number of asset objects unloaded after import = 1
========================================================================
Received Import Request.
  Time since last request: 5.116209 seconds.
  path: Assets/_Game/ScriptableObjects/Hat/HatType/Rau.asset
  artifactKey: Guid(8e6a1cb573683ca42b692ee5d6eddde5) Importer(815301076,1909f56bfc062723c751e8b465ee728b)
Number of updated assets reloaded before import = 0
Start importing Assets/_Game/ScriptableObjects/Hat/HatType/Rau.asset using Guid(8e6a1cb573683ca42b692ee5d6eddde5) Importer(815301076,1909f56bfc062723c751e8b465ee728b)  -> (artifact id: '1059fc7837f043ccde024c71b60a1753') in 0.004138 seconds 
Number of asset objects unloaded after import = 1
========================================================================
Received Import Request.
  Time since last request: 124.660412 seconds.
  path: Assets/_Game/Resources/Bitgem/Cube_World/Tree/Source/_example_hollow_log.fbx
  artifactKey: Guid(43d9b06648b264230b168764168dd831) Importer(815301076,1909f56bfc062723c751e8b465ee728b)
Number of updated assets reloaded before import = 0
Start importing Assets/_Game/Resources/Bitgem/Cube_World/Tree/Source/_example_hollow_log.fbx using Guid(43d9b06648b264230b168764168dd831) Importer(815301076,1909f56bfc062723c751e8b465ee728b)  -> (artifact id: 'aaf5dcf30c948daaacedf8e143a8265b') in 0.209865 seconds 
Number of asset objects unloaded after import = 12
========================================================================
Received Import Request.
  Time since last request: 0.000020 seconds.
  path: Assets/_Game/Resources/Bitgem/Cube_World/Tree/Prefabs/_example_tree.prefab
  artifactKey: Guid(f3d46080834bb43ceb2c0ec73394eda9) Importer(815301076,1909f56bfc062723c751e8b465ee728b)
Number of updated assets reloaded before import = 0
Start importing Assets/_Game/Resources/Bitgem/Cube_World/Tree/Prefabs/_example_tree.prefab using Guid(f3d46080834bb43ceb2c0ec73394eda9) Importer(815301076,1909f56bfc062723c751e8b465ee728b)  -> (artifact id: 'ec97f8337aa3aaa31ab937f67cc2d314') in 0.122815 seconds 
Number of asset objects unloaded after import = 9
========================================================================
Received Import Request.
  Time since last request: 0.000022 seconds.
  path: Assets/_Game/Resources/Bitgem/Cube_World/Stone/Source/_sample_scene.fbx
  artifactKey: Guid(029ba32bf37b0da4da2db590ea924a44) Importer(815301076,1909f56bfc062723c751e8b465ee728b)
Number of updated assets reloaded before import = 0
Start importing Assets/_Game/Resources/Bitgem/Cube_World/Stone/Source/_sample_scene.fbx using Guid(029ba32bf37b0da4da2db590ea924a44) Importer(815301076,1909f56bfc062723c751e8b465ee728b)  -> (artifact id: 'de16b96f5d5fe9d8475f8a8b46ca92aa') in 0.054539 seconds 
Number of asset objects unloaded after import = 12
========================================================================
Received Import Request.
  Time since last request: 7.677919 seconds.
  path: Assets/_Game/Resources/Bitgem/Cube_World/Christmas/Source/bauble_large_color1.fbx
  artifactKey: Guid(f25cd2f677cf24aea8b54582b6d9d4d6) Importer(815301076,1909f56bfc062723c751e8b465ee728b)
Number of updated assets reloaded before import = 0
Start importing Assets/_Game/Resources/Bitgem/Cube_World/Christmas/Source/bauble_large_color1.fbx using Guid(f25cd2f677cf24aea8b54582b6d9d4d6) Importer(815301076,1909f56bfc062723c751e8b465ee728b)  -> (artifact id: 'f121807f2180523e4ab924090a2d6e0c') in 0.100590 seconds 
Number of asset objects unloaded after import = 27
========================================================================
Received Import Request.
  Time since last request: 0.000023 seconds.
  path: Assets/_Game/Resources/Bitgem/Cube_World/Christmas/Prefab/bauble_large_color1_ornate.prefab
  artifactKey: Guid(a41f0baada2b24ded872ee4117b46e9d) Importer(815301076,1909f56bfc062723c751e8b465ee728b)
Number of updated assets reloaded before import = 0
Start importing Assets/_Game/Resources/Bitgem/Cube_World/Christmas/Prefab/bauble_large_color1_ornate.prefab using Guid(a41f0baada2b24ded872ee4117b46e9d) Importer(815301076,1909f56bfc062723c751e8b465ee728b)  -> (artifact id: 'e8049934380f88aeae8cb02b14dab4a2') in 0.021621 seconds 
Number of asset objects unloaded after import = 22
========================================================================
Received Import Request.
  Time since last request: 0.000028 seconds.
  path: Assets/_Game/Resources/Bitgem/Cube_World/Christmas/Prefab/bauble_large_color2_ornate.prefab
  artifactKey: Guid(84808de77c4154ae7afd41eb94744cab) Importer(815301076,1909f56bfc062723c751e8b465ee728b)
Number of updated assets reloaded before import = 0
Start importing Assets/_Game/Resources/Bitgem/Cube_World/Christmas/Prefab/bauble_large_color2_ornate.prefab using Guid(84808de77c4154ae7afd41eb94744cab) Importer(815301076,1909f56bfc062723c751e8b465ee728b)  -> (artifact id: 'feeb64810eeebc10dc0a5dffdcbb836c') in 0.030607 seconds 
Number of asset objects unloaded after import = 22
========================================================================
Received Import Request.
  Time since last request: 0.000018 seconds.
  path: Assets/_Game/Resources/Bitgem/Cube_World/Christmas/Prefab/bauble_large_color2.prefab
  artifactKey: Guid(28bbe2ea924f9484c8a7fb4e647af593) Importer(815301076,1909f56bfc062723c751e8b465ee728b)
Number of updated assets reloaded before import = 0
Start importing Assets/_Game/Resources/Bitgem/Cube_World/Christmas/Prefab/bauble_large_color2.prefab using Guid(28bbe2ea924f9484c8a7fb4e647af593) Importer(815301076,1909f56bfc062723c751e8b465ee728b)  -> (artifact id: '3aee8752aca220aeb6651bb17dd06626') in 0.018407 seconds 
Number of asset objects unloaded after import = 22
========================================================================
Received Import Request.
  Time since last request: 16.321592 seconds.
  path: Assets/_Game/Resources/Asset/Internship_BT4_MoveStopMove-20221110T015023Z-001/Internship_BT4_MoveStopMove/3D/CharSkin/Pants/Quần/comy.png
  artifactKey: Guid(c624ae6192a127a44946e6ce56041e2b) Importer(815301076,1909f56bfc062723c751e8b465ee728b)
Number of updated assets reloaded before import = 0
Start importing Assets/_Game/Resources/Asset/Internship_BT4_MoveStopMove-20221110T015023Z-001/Internship_BT4_MoveStopMove/3D/CharSkin/Pants/Quần/comy.png using Guid(c624ae6192a127a44946e6ce56041e2b) Importer(815301076,1909f56bfc062723c751e8b465ee728b)  -> (artifact id: 'bd61430c02a2f0b072069bb5792cee4e') in 0.181717 seconds 
Number of asset objects unloaded after import = 3
========================================================================
Received Import Request.
  Time since last request: 0.000019 seconds.
  path: Assets/_Game/Resources/Asset/Internship_BT4_MoveStopMove-20221110T015023Z-001/Internship_BT4_MoveStopMove/3D/CharSkin/Pants/Quần/rainbow.png
  artifactKey: Guid(b9bd9096b8ac1674aa7c4a04192b721a) Importer(815301076,1909f56bfc062723c751e8b465ee728b)
Number of updated assets reloaded before import = 0
Start importing Assets/_Game/Resources/Asset/Internship_BT4_MoveStopMove-20221110T015023Z-001/Internship_BT4_MoveStopMove/3D/CharSkin/Pants/Quần/rainbow.png using Guid(b9bd9096b8ac1674aa7c4a04192b721a) Importer(815301076,1909f56bfc062723c751e8b465ee728b)  -> (artifact id: '8daf4774ea2745630a94dd46aa574bee') in 0.061349 seconds 
Number of asset objects unloaded after import = 3
========================================================================
Received Import Request.
  Time since last request: 41.400241 seconds.
  path: Assets/_Game/Resources/Bitgem/Jungle_Cube/Source/door_large_face_stone_LOD_group.fbx
  artifactKey: Guid(bb8f908309f5f4154be6c81bebba16c4) Importer(815301076,1909f56bfc062723c751e8b465ee728b)
Number of updated assets reloaded before import = 0
Start importing Assets/_Game/Resources/Bitgem/Jungle_Cube/Source/door_large_face_stone_LOD_group.fbx using Guid(bb8f908309f5f4154be6c81bebba16c4) Importer(815301076,1909f56bfc062723c751e8b465ee728b)  -> (artifact id: 'ff17aaf192a5e36460a40f66c962c96f') in 0.151969 seconds 
Number of asset objects unloaded after import = 28
========================================================================
Received Import Request.
  Time since last request: 1.718719 seconds.
  path: Assets/_Game/Resources/Bitgem/Jungle_Cube/Source/door_large_crown_stone_LOD_group.fbx
  artifactKey: Guid(ab9d9df3195bb4a0f8162fd18c21d281) Importer(815301076,1909f56bfc062723c751e8b465ee728b)
Number of updated assets reloaded before import = 0
Start importing Assets/_Game/Resources/Bitgem/Jungle_Cube/Source/door_large_crown_stone_LOD_group.fbx using Guid(ab9d9df3195bb4a0f8162fd18c21d281) Importer(815301076,1909f56bfc062723c751e8b465ee728b)  -> (artifact id: '8532afa7cc0609d6e678591b9cd5f67d') in 0.120314 seconds 
Number of asset objects unloaded after import = 28
========================================================================
Received Import Request.
  Time since last request: 5.279142 seconds.
  path: Assets/_Game/Resources/Bitgem/Cube_World/Mining/Prefabs/arrow_gold.prefab
  artifactKey: Guid(b5c98dc41a9411a49af6f7d4f3d75dcf) Importer(815301076,1909f56bfc062723c751e8b465ee728b)
Number of updated assets reloaded before import = 0
Start importing Assets/_Game/Resources/Bitgem/Cube_World/Mining/Prefabs/arrow_gold.prefab using Guid(b5c98dc41a9411a49af6f7d4f3d75dcf) Importer(815301076,1909f56bfc062723c751e8b465ee728b)  -> (artifact id: 'f5fd0536703acb8389457e3e4e1e1315') in 0.034024 seconds 
Number of asset objects unloaded after import = 22
========================================================================
Received Import Request.
  Time since last request: 0.710407 seconds.
  path: Assets/_Game/Resources/Bitgem/Cube_World/Powerups/Source/block_heart.fbx
  artifactKey: Guid(60b3c6ca48e5293429a2b880fd09c59c) Importer(815301076,1909f56bfc062723c751e8b465ee728b)
Number of updated assets reloaded before import = 0
Start importing Assets/_Game/Resources/Bitgem/Cube_World/Powerups/Source/block_heart.fbx using Guid(60b3c6ca48e5293429a2b880fd09c59c) Importer(815301076,1909f56bfc062723c751e8b465ee728b)  -> (artifact id: 'f17745a831652a52b18f49bf02824310') in 0.065835 seconds 
Number of asset objects unloaded after import = 25
========================================================================
Received Import Request.
  Time since last request: 0.838865 seconds.
  path: Assets/_Game/Resources/Bitgem/Cube_World/Mining/Prefabs/spear_diamond.prefab
  artifactKey: Guid(0ddaf00f6cd555b4cba3bf97ad89ac79) Importer(815301076,1909f56bfc062723c751e8b465ee728b)
Number of updated assets reloaded before import = 0
Start importing Assets/_Game/Resources/Bitgem/Cube_World/Mining/Prefabs/spear_diamond.prefab using Guid(0ddaf00f6cd555b4cba3bf97ad89ac79) Importer(815301076,1909f56bfc062723c751e8b465ee728b)  -> (artifact id: '0944bd4d8d66d39998c0fb90d6964245') in 0.030108 seconds 
Number of asset objects unloaded after import = 22
========================================================================
Received Import Request.
  Time since last request: 0.218492 seconds.
  path: Assets/_Game/Resources/Bitgem/Cube_World/Mining/Prefabs/spear_metal.prefab
  artifactKey: Guid(d288b346b2975ab43b20a5bf8c8634d4) Importer(815301076,1909f56bfc062723c751e8b465ee728b)
Number of updated assets reloaded before import = 0
Start importing Assets/_Game/Resources/Bitgem/Cube_World/Mining/Prefabs/spear_metal.prefab using Guid(d288b346b2975ab43b20a5bf8c8634d4) Importer(815301076,1909f56bfc062723c751e8b465ee728b)  -> (artifact id: 'b59e75d66e795ff55484fc4ebbf36e95') in 0.075911 seconds 
Number of asset objects unloaded after import = 22
========================================================================
Received Import Request.
  Time since last request: 6.901010 seconds.
  path: Assets/_Game/Resources/Bitgem/Cube_World/Wood/Prefabs/door_hatch_wood.prefab
  artifactKey: Guid(7200b3724be1a4493b9d3031e4a697e1) Importer(815301076,1909f56bfc062723c751e8b465ee728b)
Number of updated assets reloaded before import = 0
Start importing Assets/_Game/Resources/Bitgem/Cube_World/Wood/Prefabs/door_hatch_wood.prefab using Guid(7200b3724be1a4493b9d3031e4a697e1) Importer(815301076,1909f56bfc062723c751e8b465ee728b)  -> (artifact id: '9dd877542574e5d93bcdb6861d8747b1') in 0.054019 seconds 
Number of asset objects unloaded after import = 22
========================================================================
Received Import Request.
  Time since last request: 11.921517 seconds.
  path: Assets/_Game/Resources/Bitgem/Jungle_Cube/Source/flower_double_yellow_LOD_group.fbx
  artifactKey: Guid(66bcb6a63bba646b595f254d62e00adf) Importer(815301076,1909f56bfc062723c751e8b465ee728b)
Number of updated assets reloaded before import = 0
Start importing Assets/_Game/Resources/Bitgem/Jungle_Cube/Source/flower_double_yellow_LOD_group.fbx using Guid(66bcb6a63bba646b595f254d62e00adf) Importer(815301076,1909f56bfc062723c751e8b465ee728b)  -> (artifact id: '135a5004fd5bef49d7d31a40589ec953') in 0.109918 seconds 
Number of asset objects unloaded after import = 22
========================================================================
Received Import Request.
  Time since last request: 0.000020 seconds.
  path: Assets/_Game/Resources/Bitgem/Jungle_Cube/Prefabs/flower_trio_yellow_LOD_group.prefab
  artifactKey: Guid(75e23c79079f9497ea2597369f10bfdd) Importer(815301076,1909f56bfc062723c751e8b465ee728b)
Number of updated assets reloaded before import = 0
Start importing Assets/_Game/Resources/Bitgem/Jungle_Cube/Prefabs/flower_trio_yellow_LOD_group.prefab using Guid(75e23c79079f9497ea2597369f10bfdd) Importer(815301076,1909f56bfc062723c751e8b465ee728b)  -> (artifact id: '1beda457159545e291aca1f90a3b86b4') in 0.025105 seconds 
Number of asset objects unloaded after import = 22
========================================================================
Received Import Request.
  Time since last request: 11.984216 seconds.
  path: Assets/_Game/Resources/Bitgem/Jungle_Cube/Prefabs/block_stone1_head_LOD_group.prefab
  artifactKey: Guid(0c038663871294b39afa4b0f0a36e304) Importer(815301076,1909f56bfc062723c751e8b465ee728b)
Number of updated assets reloaded before import = 0
Start importing Assets/_Game/Resources/Bitgem/Jungle_Cube/Prefabs/block_stone1_head_LOD_group.prefab using Guid(0c038663871294b39afa4b0f0a36e304) Importer(815301076,1909f56bfc062723c751e8b465ee728b)  -> (artifact id: '16fca3ad472477955c0635cb16f83040') in 0.062345 seconds 
Number of asset objects unloaded after import = 27
========================================================================
Received Import Request.
  Time since last request: 0.000029 seconds.
  path: Assets/_Game/Resources/Bitgem/Cube_World/Tower_Defense/Source/generator_head_lvl3.fbx
  artifactKey: Guid(0e2a64aaec187450a9838c3a3553c717) Importer(815301076,1909f56bfc062723c751e8b465ee728b)
Number of updated assets reloaded before import = 0
Start importing Assets/_Game/Resources/Bitgem/Cube_World/Tower_Defense/Source/generator_head_lvl3.fbx using Guid(0e2a64aaec187450a9838c3a3553c717) Importer(815301076,1909f56bfc062723c751e8b465ee728b)  -> (artifact id: 'dff52ed4d5323aba3f9133a18f154ec5') in 0.117093 seconds 
Number of asset objects unloaded after import = 25
========================================================================
Received Import Request.
  Time since last request: 14.448254 seconds.
  path: Assets/_Game/Resources/Bitgem/Jungle_Cube/Prefabs/block_rail1_LOD_group.prefab
  artifactKey: Guid(e3d109b18e3454509990edac04365960) Importer(815301076,1909f56bfc062723c751e8b465ee728b)
Number of updated assets reloaded before import = 0
Start importing Assets/_Game/Resources/Bitgem/Jungle_Cube/Prefabs/block_rail1_LOD_group.prefab using Guid(e3d109b18e3454509990edac04365960) Importer(815301076,1909f56bfc062723c751e8b465ee728b)  -> (artifact id: 'd777bbf68b68bb2340b9ffec35eb25c2') in 0.096284 seconds 
Number of asset objects unloaded after import = 27
========================================================================
Received Import Request.
  Time since last request: 0.000035 seconds.
  path: Assets/_Game/Resources/Bitgem/Cube_World/Powerups/Source/block_random.fbx
  artifactKey: Guid(0bd4fcf1c9a959a44b1976c819475776) Importer(815301076,1909f56bfc062723c751e8b465ee728b)
Number of updated assets reloaded before import = 0
Start importing Assets/_Game/Resources/Bitgem/Cube_World/Powerups/Source/block_random.fbx using Guid(0bd4fcf1c9a959a44b1976c819475776) Importer(815301076,1909f56bfc062723c751e8b465ee728b)  -> (artifact id: 'b65e199600821135768f94c3f5a04a32') in 0.110022 seconds 
Number of asset objects unloaded after import = 25
========================================================================
Received Import Request.
  Time since last request: 0.704900 seconds.
  path: Assets/_Game/Resources/Bitgem/Cube_World/Tree/Source/branch_L_LOD_group.fbx
  artifactKey: Guid(9a95f87e13a6c477a95c5f49839d02ef) Importer(815301076,1909f56bfc062723c751e8b465ee728b)
Number of updated assets reloaded before import = 0
Start importing Assets/_Game/Resources/Bitgem/Cube_World/Tree/Source/branch_L_LOD_group.fbx using Guid(9a95f87e13a6c477a95c5f49839d02ef) Importer(815301076,1909f56bfc062723c751e8b465ee728b)  -> (artifact id: '891946626152cf81dc284c3b010dd56d') in 0.048097 seconds 
Number of asset objects unloaded after import = 25
========================================================================
Received Prepare
Registering precompiled user dll's ...
Registered in 0.011625 seconds.
Begin MonoManager ReloadAssembly
Native extension for WindowsStandalone target not found
Refreshing native plugins compatible for Editor in 0.87 ms, found 3 plugins.
Preloading 0 native plugins for Editor in 0.00 ms.
[Package Manager] Server::EnsureServerProcessIsRunning -- launch failed, reason: Unity was launched with the -noUpm command-line argument
[Package Manager] Cannot connect to Unity Package Manager local server
Mono: successfully reloaded assembly
- Completed reload, in  1.826 seconds
Domain Reload Profiling:
	ReloadAssembly (1826ms)
		BeginReloadAssembly (185ms)
			ExecutionOrderSort (0ms)
			DisableScriptedObjects (7ms)
			BackupInstance (0ms)
			ReleaseScriptingObjects (0ms)
			CreateAndSetChildDomain (51ms)
		EndReloadAssembly (1537ms)
			LoadAssemblies (119ms)
			RebuildTransferFunctionScriptingTraits (0ms)
			SetupTypeCache (340ms)
			ReleaseScriptCaches (1ms)
			RebuildScriptCaches (58ms)
			SetupLoadedEditorAssemblies (1012ms)
				LogAssemblyErrors (0ms)
				InitializePlatformSupportModulesInManaged (6ms)
				SetLoadedEditorAssemblies (1ms)
				RefreshPlugins (1ms)
				BeforeProcessingInitializeOnLoad (77ms)
				ProcessInitializeOnLoadAttributes (899ms)
				ProcessInitializeOnLoadMethodAttributes (19ms)
				AfterProcessingInitializeOnLoad (10ms)
				EditorAssembliesLoaded (0ms)
			ExecutionOrderSort2 (0ms)
			AwakeInstancesAfterBackupRestoration (7ms)
Platform modules already initialized, skipping
Refreshing native plugins compatible for Editor in 0.77 ms, found 3 plugins.
Preloading 0 native plugins for Editor in 0.00 ms.
Unloading 3340 Unused Serialized files (Serialized files now loaded: 0)
Unloading 31 unused Assets / (92.6 KB). Loaded Objects now: 3844.
Memory consumption went from 124.3 MB to 124.2 MB.
Total: 3.919500 ms (FindLiveObjects: 0.268600 ms CreateObjectMapping: 0.206300 ms MarkObjects: 3.408400 ms  DeleteObjects: 0.035200 ms)

AssetImportParameters requested are different than current active one (requested -> active):
  custom:video-decoder-ogg-theora: a1e56fd34408186e4bbccfd4996cb3dc -> 
  custom:container-muxer-webm: aa71ff27fc2769a1b78a27578f13a17b -> 
  custom:container-demuxer-webm: 4f35f7cbe854078d1ac9338744f61a02 -> 
  custom:video-encoder-webm-vp8: eb34c28f22e8b96e1ab97ce403110664 -> 
  custom:video-codec-MediaFoundation-h265: 746d11721c4dcdbdad8f713fa42b33f4 -> 
  custom:CustomObjectIndexerAttribute: bc11b3a6c3213fcdd17b65e7da85e133 -> 
  custom:audio-encoder-webm-vorbis: bf7c407c2cedff20999df2af8eb42d56 -> 
  custom:framework-win-MediaFoundation: 216162199b28c13a410421893ffa2e32 -> 
  custom:SearchIndexIgnoredProperties: e643bd26f0fe6173181afceb89e7c659 -> 
  custom:container-demuxer-ogg: 62fdf1f143b41e24485cea50d1cbac27 -> 
  custom:video-decoder-webm-vp8: 9c59270c3fd7afecdb556c50c9e8de78 -> 
  custom:audio-decoder-ogg-vorbis: bf7c407c2cedff20999df2af8eb42d56 -> 
========================================================================
Received Prepare
Registering precompiled user dll's ...
Registered in 0.011047 seconds.
Begin MonoManager ReloadAssembly
Native extension for WindowsStandalone target not found
Refreshing native plugins compatible for Editor in 0.77 ms, found 3 plugins.
Preloading 0 native plugins for Editor in 0.00 ms.
[Package Manager] Server::EnsureServerProcessIsRunning -- launch failed, reason: Unity was launched with the -noUpm command-line argument
[Package Manager] Cannot connect to Unity Package Manager local server
Mono: successfully reloaded assembly
- Completed reload, in  1.765 seconds
Domain Reload Profiling:
	ReloadAssembly (1766ms)
		BeginReloadAssembly (201ms)
			ExecutionOrderSort (0ms)
			DisableScriptedObjects (5ms)
			BackupInstance (0ms)
			ReleaseScriptingObjects (0ms)
			CreateAndSetChildDomain (54ms)
		EndReloadAssembly (1458ms)
			LoadAssemblies (109ms)
			RebuildTransferFunctionScriptingTraits (0ms)
			SetupTypeCache (285ms)
			ReleaseScriptCaches (1ms)
			RebuildScriptCaches (51ms)
			SetupLoadedEditorAssemblies (985ms)
				LogAssemblyErrors (0ms)
				InitializePlatformSupportModulesInManaged (6ms)
				SetLoadedEditorAssemblies (0ms)
				RefreshPlugins (1ms)
				BeforeProcessingInitializeOnLoad (88ms)
				ProcessInitializeOnLoadAttributes (856ms)
				ProcessInitializeOnLoadMethodAttributes (24ms)
				AfterProcessingInitializeOnLoad (10ms)
				EditorAssembliesLoaded (0ms)
			ExecutionOrderSort2 (0ms)
			AwakeInstancesAfterBackupRestoration (7ms)
Platform modules already initialized, skipping
Refreshing native plugins compatible for Editor in 0.90 ms, found 3 plugins.
Preloading 0 native plugins for Editor in 0.00 ms.
Unloading 3340 Unused Serialized files (Serialized files now loaded: 0)
Unloading 31 unused Assets / (92.6 KB). Loaded Objects now: 3859.
Memory consumption went from 124.3 MB to 124.3 MB.
Total: 3.880600 ms (FindLiveObjects: 0.323200 ms CreateObjectMapping: 0.316100 ms MarkObjects: 3.191400 ms  DeleteObjects: 0.049100 ms)

AssetImportParameters requested are different than current active one (requested -> active):
  custom:video-decoder-ogg-theora: a1e56fd34408186e4bbccfd4996cb3dc -> 
  custom:container-muxer-webm: aa71ff27fc2769a1b78a27578f13a17b -> 
  custom:container-demuxer-webm: 4f35f7cbe854078d1ac9338744f61a02 -> 
  custom:video-encoder-webm-vp8: eb34c28f22e8b96e1ab97ce403110664 -> 
  custom:video-codec-MediaFoundation-h265: 746d11721c4dcdbdad8f713fa42b33f4 -> 
  custom:CustomObjectIndexerAttribute: bc11b3a6c3213fcdd17b65e7da85e133 -> 
  custom:audio-encoder-webm-vorbis: bf7c407c2cedff20999df2af8eb42d56 -> 
  custom:framework-win-MediaFoundation: 216162199b28c13a410421893ffa2e32 -> 
  custom:SearchIndexIgnoredProperties: e643bd26f0fe6173181afceb89e7c659 -> 
  custom:container-demuxer-ogg: 62fdf1f143b41e24485cea50d1cbac27 -> 
  custom:video-decoder-webm-vp8: 9c59270c3fd7afecdb556c50c9e8de78 -> 
  custom:audio-decoder-ogg-vorbis: bf7c407c2cedff20999df2af8eb42d56 -> 
========================================================================
Received Prepare
Registering precompiled user dll's ...
Registered in 0.011323 seconds.
Begin MonoManager ReloadAssembly
Native extension for WindowsStandalone target not found
Refreshing native plugins compatible for Editor in 0.74 ms, found 3 plugins.
Preloading 0 native plugins for Editor in 0.00 ms.
[Package Manager] Server::EnsureServerProcessIsRunning -- launch failed, reason: Unity was launched with the -noUpm command-line argument
[Package Manager] Cannot connect to Unity Package Manager local server
Mono: successfully reloaded assembly
- Completed reload, in  1.701 seconds
Domain Reload Profiling:
	ReloadAssembly (1701ms)
		BeginReloadAssembly (168ms)
			ExecutionOrderSort (0ms)
			DisableScriptedObjects (5ms)
			BackupInstance (0ms)
			ReleaseScriptingObjects (0ms)
			CreateAndSetChildDomain (39ms)
		EndReloadAssembly (1428ms)
			LoadAssemblies (122ms)
			RebuildTransferFunctionScriptingTraits (0ms)
			SetupTypeCache (307ms)
			ReleaseScriptCaches (1ms)
			RebuildScriptCaches (47ms)
			SetupLoadedEditorAssemblies (946ms)
				LogAssemblyErrors (0ms)
				InitializePlatformSupportModulesInManaged (5ms)
				SetLoadedEditorAssemblies (0ms)
				RefreshPlugins (1ms)
				BeforeProcessingInitializeOnLoad (72ms)
				ProcessInitializeOnLoadAttributes (832ms)
				ProcessInitializeOnLoadMethodAttributes (22ms)
				AfterProcessingInitializeOnLoad (12ms)
				EditorAssembliesLoaded (0ms)
			ExecutionOrderSort2 (0ms)
			AwakeInstancesAfterBackupRestoration (6ms)
Platform modules already initialized, skipping
Refreshing native plugins compatible for Editor in 1.11 ms, found 3 plugins.
Preloading 0 native plugins for Editor in 0.00 ms.
Unloading 3340 Unused Serialized files (Serialized files now loaded: 0)
Unloading 31 unused Assets / (92.7 KB). Loaded Objects now: 3874.
Memory consumption went from 124.4 MB to 124.3 MB.
Total: 3.796100 ms (FindLiveObjects: 0.468300 ms CreateObjectMapping: 0.259800 ms MarkObjects: 3.006100 ms  DeleteObjects: 0.059800 ms)

AssetImportParameters requested are different than current active one (requested -> active):
  custom:video-decoder-ogg-theora: a1e56fd34408186e4bbccfd4996cb3dc -> 
  custom:container-muxer-webm: aa71ff27fc2769a1b78a27578f13a17b -> 
  custom:container-demuxer-webm: 4f35f7cbe854078d1ac9338744f61a02 -> 
  custom:video-encoder-webm-vp8: eb34c28f22e8b96e1ab97ce403110664 -> 
  custom:video-codec-MediaFoundation-h265: 746d11721c4dcdbdad8f713fa42b33f4 -> 
  custom:CustomObjectIndexerAttribute: bc11b3a6c3213fcdd17b65e7da85e133 -> 
  custom:audio-encoder-webm-vorbis: bf7c407c2cedff20999df2af8eb42d56 -> 
  custom:framework-win-MediaFoundation: 216162199b28c13a410421893ffa2e32 -> 
  custom:SearchIndexIgnoredProperties: e643bd26f0fe6173181afceb89e7c659 -> 
  custom:container-demuxer-ogg: 62fdf1f143b41e24485cea50d1cbac27 -> 
  custom:video-decoder-webm-vp8: 9c59270c3fd7afecdb556c50c9e8de78 -> 
  custom:audio-decoder-ogg-vorbis: bf7c407c2cedff20999df2af8eb42d56 -> 
========================================================================
Received Prepare
Registering precompiled user dll's ...
Registered in 0.015323 seconds.
Begin MonoManager ReloadAssembly
Native extension for WindowsStandalone target not found
Refreshing native plugins compatible for Editor in 0.75 ms, found 3 plugins.
Preloading 0 native plugins for Editor in 0.00 ms.
[Package Manager] Server::EnsureServerProcessIsRunning -- launch failed, reason: Unity was launched with the -noUpm command-line argument
[Package Manager] Cannot connect to Unity Package Manager local server
Mono: successfully reloaded assembly
- Completed reload, in  1.766 seconds
Domain Reload Profiling:
	ReloadAssembly (1767ms)
		BeginReloadAssembly (165ms)
			ExecutionOrderSort (0ms)
			DisableScriptedObjects (6ms)
			BackupInstance (0ms)
			ReleaseScriptingObjects (0ms)
			CreateAndSetChildDomain (38ms)
		EndReloadAssembly (1486ms)
			LoadAssemblies (119ms)
			RebuildTransferFunctionScriptingTraits (0ms)
			SetupTypeCache (297ms)
			ReleaseScriptCaches (1ms)
			RebuildScriptCaches (45ms)
			SetupLoadedEditorAssemblies (1006ms)
				LogAssemblyErrors (0ms)
				InitializePlatformSupportModulesInManaged (6ms)
				SetLoadedEditorAssemblies (0ms)
				RefreshPlugins (1ms)
				BeforeProcessingInitializeOnLoad (81ms)
				ProcessInitializeOnLoadAttributes (879ms)
				ProcessInitializeOnLoadMethodAttributes (25ms)
				AfterProcessingInitializeOnLoad (14ms)
				EditorAssembliesLoaded (0ms)
			ExecutionOrderSort2 (0ms)
			AwakeInstancesAfterBackupRestoration (9ms)
Platform modules already initialized, skipping
Refreshing native plugins compatible for Editor in 1.00 ms, found 3 plugins.
Preloading 0 native plugins for Editor in 0.00 ms.
Unloading 3340 Unused Serialized files (Serialized files now loaded: 0)
Unloading 31 unused Assets / (92.6 KB). Loaded Objects now: 3889.
Memory consumption went from 124.4 MB to 124.3 MB.
Total: 3.909100 ms (FindLiveObjects: 0.340300 ms CreateObjectMapping: 0.279800 ms MarkObjects: 3.227100 ms  DeleteObjects: 0.060900 ms)

AssetImportParameters requested are different than current active one (requested -> active):
  custom:video-decoder-ogg-theora: a1e56fd34408186e4bbccfd4996cb3dc -> 
  custom:container-muxer-webm: aa71ff27fc2769a1b78a27578f13a17b -> 
  custom:container-demuxer-webm: 4f35f7cbe854078d1ac9338744f61a02 -> 
  custom:video-encoder-webm-vp8: eb34c28f22e8b96e1ab97ce403110664 -> 
  custom:video-codec-MediaFoundation-h265: 746d11721c4dcdbdad8f713fa42b33f4 -> 
  custom:CustomObjectIndexerAttribute: bc11b3a6c3213fcdd17b65e7da85e133 -> 
  custom:audio-encoder-webm-vorbis: bf7c407c2cedff20999df2af8eb42d56 -> 
  custom:framework-win-MediaFoundation: 216162199b28c13a410421893ffa2e32 -> 
  custom:SearchIndexIgnoredProperties: e643bd26f0fe6173181afceb89e7c659 -> 
  custom:container-demuxer-ogg: 62fdf1f143b41e24485cea50d1cbac27 -> 
  custom:video-decoder-webm-vp8: 9c59270c3fd7afecdb556c50c9e8de78 -> 
  custom:audio-decoder-ogg-vorbis: bf7c407c2cedff20999df2af8eb42d56 -> 
========================================================================
Received Import Request.
  Time since last request: 892.191283 seconds.
  path: Assets/_Game/ScriptableObjects/Hat/HatType/Cowboy.asset
  artifactKey: Guid(6bb4fd30fd2b1d94282426ad4e1136e4) Importer(815301076,1909f56bfc062723c751e8b465ee728b)
Number of updated assets reloaded before import = 0
Start importing Assets/_Game/ScriptableObjects/Hat/HatType/Cowboy.asset using Guid(6bb4fd30fd2b1d94282426ad4e1136e4) Importer(815301076,1909f56bfc062723c751e8b465ee728b)  -> (artifact id: '07afae8cc1473ea7da8ae76b624cf7b5') in 0.020955 seconds 
Number of asset objects unloaded after import = 7
========================================================================
Received Import Request.
  Time since last request: 0.000018 seconds.
  path: Assets/_Game/ScriptableObjects/Hat/HatType/Crown.asset
  artifactKey: Guid(e4f5b860149277b4bae1b94c2b29906d) Importer(815301076,1909f56bfc062723c751e8b465ee728b)
Number of updated assets reloaded before import = 0
Start importing Assets/_Game/ScriptableObjects/Hat/HatType/Crown.asset using Guid(e4f5b860149277b4bae1b94c2b29906d) Importer(815301076,1909f56bfc062723c751e8b465ee728b)  -> (artifact id: '7b3e254f47d721a78f9d2bc801e09174') in 0.003399 seconds 
Number of asset objects unloaded after import = 11
========================================================================
Received Import Request.
  Time since last request: 0.000018 seconds.
  path: Assets/_Game/ScriptableObjects/Hat/HatType/Hat_Cap.asset
  artifactKey: Guid(666295f9c257bde498aa3c47858be0d3) Importer(815301076,1909f56bfc062723c751e8b465ee728b)
Number of updated assets reloaded before import = 0
Start importing Assets/_Game/ScriptableObjects/Hat/HatType/Hat_Cap.asset using Guid(666295f9c257bde498aa3c47858be0d3) Importer(815301076,1909f56bfc062723c751e8b465ee728b)  -> (artifact id: '6834954da59049508131d0fef74b5fbf') in 0.003728 seconds 
Number of asset objects unloaded after import = 7
========================================================================
Received Import Request.
  Time since last request: 0.000014 seconds.
  path: Assets/_Game/ScriptableObjects/Hat/HatType/Hat.asset
  artifactKey: Guid(271f338bcd469c7469316938b75b09cb) Importer(815301076,1909f56bfc062723c751e8b465ee728b)
Number of updated assets reloaded before import = 0
Start importing Assets/_Game/ScriptableObjects/Hat/HatType/Hat.asset using Guid(271f338bcd469c7469316938b75b09cb) Importer(815301076,1909f56bfc062723c751e8b465ee728b)  -> (artifact id: '58360215b0dfd7f1fe967a6e378e693b') in 0.012342 seconds 
Number of asset objects unloaded after import = 11
========================================================================
Received Prepare
Registering precompiled user dll's ...
Registered in 0.013292 seconds.
Begin MonoManager ReloadAssembly
Native extension for WindowsStandalone target not found
Refreshing native plugins compatible for Editor in 0.77 ms, found 3 plugins.
Preloading 0 native plugins for Editor in 0.00 ms.
[Package Manager] Server::EnsureServerProcessIsRunning -- launch failed, reason: Unity was launched with the -noUpm command-line argument
[Package Manager] Cannot connect to Unity Package Manager local server
Mono: successfully reloaded assembly
- Completed reload, in  2.011 seconds
Domain Reload Profiling:
	ReloadAssembly (2012ms)
		BeginReloadAssembly (264ms)
			ExecutionOrderSort (0ms)
			DisableScriptedObjects (6ms)
			BackupInstance (0ms)
			ReleaseScriptingObjects (0ms)
			CreateAndSetChildDomain (79ms)
		EndReloadAssembly (1627ms)
			LoadAssemblies (132ms)
			RebuildTransferFunctionScriptingTraits (0ms)
			SetupTypeCache (367ms)
			ReleaseScriptCaches (1ms)
			RebuildScriptCaches (56ms)
			SetupLoadedEditorAssemblies (1053ms)
				LogAssemblyErrors (0ms)
				InitializePlatformSupportModulesInManaged (8ms)
				SetLoadedEditorAssemblies (1ms)
				RefreshPlugins (1ms)
				BeforeProcessingInitializeOnLoad (101ms)
				ProcessInitializeOnLoadAttributes (904ms)
				ProcessInitializeOnLoadMethodAttributes (23ms)
				AfterProcessingInitializeOnLoad (15ms)
				EditorAssembliesLoaded (0ms)
			ExecutionOrderSort2 (0ms)
			AwakeInstancesAfterBackupRestoration (10ms)
Platform modules already initialized, skipping
Refreshing native plugins compatible for Editor in 1.36 ms, found 3 plugins.
Preloading 0 native plugins for Editor in 0.00 ms.
Unloading 3340 Unused Serialized files (Serialized files now loaded: 0)
Unloading 31 unused Assets / (92.7 KB). Loaded Objects now: 3904.
Memory consumption went from 124.4 MB to 124.3 MB.
Total: 4.590700 ms (FindLiveObjects: 0.338300 ms CreateObjectMapping: 0.283700 ms MarkObjects: 3.900200 ms  DeleteObjects: 0.067300 ms)

AssetImportParameters requested are different than current active one (requested -> active):
  custom:video-decoder-ogg-theora: a1e56fd34408186e4bbccfd4996cb3dc -> 
  custom:container-muxer-webm: aa71ff27fc2769a1b78a27578f13a17b -> 
  custom:container-demuxer-webm: 4f35f7cbe854078d1ac9338744f61a02 -> 
  custom:video-encoder-webm-vp8: eb34c28f22e8b96e1ab97ce403110664 -> 
  custom:video-codec-MediaFoundation-h265: 746d11721c4dcdbdad8f713fa42b33f4 -> 
  custom:CustomObjectIndexerAttribute: bc11b3a6c3213fcdd17b65e7da85e133 -> 
  custom:audio-encoder-webm-vorbis: bf7c407c2cedff20999df2af8eb42d56 -> 
  custom:framework-win-MediaFoundation: 216162199b28c13a410421893ffa2e32 -> 
  custom:SearchIndexIgnoredProperties: e643bd26f0fe6173181afceb89e7c659 -> 
  custom:container-demuxer-ogg: 62fdf1f143b41e24485cea50d1cbac27 -> 
  custom:video-decoder-webm-vp8: 9c59270c3fd7afecdb556c50c9e8de78 -> 
  custom:audio-decoder-ogg-vorbis: bf7c407c2cedff20999df2af8eb42d56 -> 
========================================================================
Received Prepare
Registering precompiled user dll's ...
Registered in 0.018235 seconds.
Begin MonoManager ReloadAssembly
Native extension for WindowsStandalone target not found
Refreshing native plugins compatible for Editor in 0.87 ms, found 3 plugins.
Preloading 0 native plugins for Editor in 0.00 ms.
[Package Manager] Server::EnsureServerProcessIsRunning -- launch failed, reason: Unity was launched with the -noUpm command-line argument
[Package Manager] Cannot connect to Unity Package Manager local server
Mono: successfully reloaded assembly
- Completed reload, in  1.980 seconds
Domain Reload Profiling:
	ReloadAssembly (1981ms)
		BeginReloadAssembly (243ms)
			ExecutionOrderSort (0ms)
			DisableScriptedObjects (5ms)
			BackupInstance (0ms)
			ReleaseScriptingObjects (0ms)
			CreateAndSetChildDomain (87ms)
		EndReloadAssembly (1609ms)
			LoadAssemblies (147ms)
			RebuildTransferFunctionScriptingTraits (0ms)
			SetupTypeCache (332ms)
			ReleaseScriptCaches (1ms)
			RebuildScriptCaches (57ms)
			SetupLoadedEditorAssemblies (1069ms)
				LogAssemblyErrors (0ms)
				InitializePlatformSupportModulesInManaged (7ms)
				SetLoadedEditorAssemblies (1ms)
				RefreshPlugins (1ms)
				BeforeProcessingInitializeOnLoad (84ms)
				ProcessInitializeOnLoadAttributes (932ms)
				ProcessInitializeOnLoadMethodAttributes (27ms)
				AfterProcessingInitializeOnLoad (17ms)
				EditorAssembliesLoaded (0ms)
			ExecutionOrderSort2 (0ms)
			AwakeInstancesAfterBackupRestoration (13ms)
Platform modules already initialized, skipping
Refreshing native plugins compatible for Editor in 1.08 ms, found 3 plugins.
Preloading 0 native plugins for Editor in 0.00 ms.
Unloading 3340 Unused Serialized files (Serialized files now loaded: 0)
Unloading 31 unused Assets / (92.6 KB). Loaded Objects now: 3919.
Memory consumption went from 124.4 MB to 124.3 MB.
Total: 3.604200 ms (FindLiveObjects: 0.300900 ms CreateObjectMapping: 0.279400 ms MarkObjects: 2.938900 ms  DeleteObjects: 0.083800 ms)

AssetImportParameters requested are different than current active one (requested -> active):
  custom:video-decoder-ogg-theora: a1e56fd34408186e4bbccfd4996cb3dc -> 
  custom:container-muxer-webm: aa71ff27fc2769a1b78a27578f13a17b -> 
  custom:container-demuxer-webm: 4f35f7cbe854078d1ac9338744f61a02 -> 
  custom:video-encoder-webm-vp8: eb34c28f22e8b96e1ab97ce403110664 -> 
  custom:video-codec-MediaFoundation-h265: 746d11721c4dcdbdad8f713fa42b33f4 -> 
  custom:CustomObjectIndexerAttribute: bc11b3a6c3213fcdd17b65e7da85e133 -> 
  custom:audio-encoder-webm-vorbis: bf7c407c2cedff20999df2af8eb42d56 -> 
  custom:framework-win-MediaFoundation: 216162199b28c13a410421893ffa2e32 -> 
  custom:SearchIndexIgnoredProperties: e643bd26f0fe6173181afceb89e7c659 -> 
  custom:container-demuxer-ogg: 62fdf1f143b41e24485cea50d1cbac27 -> 
  custom:video-decoder-webm-vp8: 9c59270c3fd7afecdb556c50c9e8de78 -> 
  custom:audio-decoder-ogg-vorbis: bf7c407c2cedff20999df2af8eb42d56 -> 
Editor requested this worker to shutdown with reason: Scaling down because of idle timeout
AssetImportWorker is now disconnected from the server
Process exiting
Exiting without the bug reporter. Application will terminate with return code 0